  [1m[36m (1004.6ms)[0m  [1mCREATE DATABASE "workshops_development" ENCODING = 'unicode'[0m
  [1m[36mSQL (13.5ms)[0m  [1mCREATE EXTENSION IF NOT EXISTS "plpgsql"[0m
  [1m[35m (59.4ms)[0m  CREATE TABLE "participations" ("id" serial primary key, "student_id" integer, "subject_item_id" integer, "created_at" timestamp NOT NULL, "updated_at" timestamp NOT NULL) 
  [1m[36m (46.4ms)[0m  [1mCREATE  INDEX  "index_participations_on_student_id" ON "participations" USING btree ("student_id")[0m
  [1m[35m (46.8ms)[0m  CREATE  INDEX  "index_participations_on_subject_item_id" ON "participations" USING btree ("subject_item_id")
  [1m[36m (81.7ms)[0m  [1mCREATE TABLE "students" ("id" serial primary key, "first_name" character varying, "last_name" character varying, "created_at" timestamp NOT NULL, "updated_at" timestamp NOT NULL) [0m
  [1m[35m (48.6ms)[0m  CREATE TABLE "subject_item_notes" ("id" serial primary key, "value" integer, "subject_item_id" integer, "created_at" timestamp NOT NULL, "updated_at" timestamp NOT NULL) 
  [1m[36m (46.2ms)[0m  [1mCREATE  INDEX  "index_subject_item_notes_on_subject_item_id" ON "subject_item_notes" USING btree ("subject_item_id")[0m
  [1m[35m (90.3ms)[0m  CREATE TABLE "subject_items" ("id" serial primary key, "title" character varying, "created_at" timestamp NOT NULL, "updated_at" timestamp NOT NULL, "teacher_id" integer) 
  [1m[36m (45.9ms)[0m  [1mCREATE  INDEX  "index_subject_items_on_teacher_id" ON "subject_items" USING btree ("teacher_id")[0m
  [1m[35m (81.3ms)[0m  CREATE TABLE "teachers" ("id" serial primary key, "first_name" character varying, "last_name" character varying, "academic_title" character varying, "created_at" timestamp NOT NULL, "updated_at" timestamp NOT NULL) 
  [1m[36m (132.6ms)[0m  [1mCREATE TABLE "users" ("id" serial primary key, "email" character varying DEFAULT '' NOT NULL, "encrypted_password" character varying DEFAULT '' NOT NULL, "reset_password_token" character varying, "reset_password_sent_at" timestamp, "remember_created_at" timestamp, "sign_in_count" integer DEFAULT 0 NOT NULL, "current_sign_in_at" timestamp, "last_sign_in_at" timestamp, "current_sign_in_ip" inet, "last_sign_in_ip" inet, "created_at" timestamp NOT NULL, "updated_at" timestamp NOT NULL) [0m
  [1m[35m (45.7ms)[0m  CREATE UNIQUE INDEX  "index_users_on_email" ON "users" USING btree ("email")
  [1m[36m (46.1ms)[0m  [1mCREATE UNIQUE INDEX  "index_users_on_reset_password_token" ON "users" USING btree ("reset_password_token")[0m
  [1m[35m (7.4ms)[0m  ALTER TABLE "participations" ADD CONSTRAINT "fk_rails_185ff5bee8"
FOREIGN KEY ("student_id")
  REFERENCES "students" ("id")

  [1m[36m (7.3ms)[0m  [1mALTER TABLE "participations" ADD CONSTRAINT "fk_rails_76267974c1"
FOREIGN KEY ("subject_item_id")
  REFERENCES "subject_items" ("id")
[0m
  [1m[35m (7.6ms)[0m  ALTER TABLE "subject_item_notes" ADD CONSTRAINT "fk_rails_058a0d7ccf"
FOREIGN KEY ("subject_item_id")
  REFERENCES "subject_items" ("id")

  [1m[36m (7.4ms)[0m  [1mALTER TABLE "subject_items" ADD CONSTRAINT "fk_rails_f14980cba6"
FOREIGN KEY ("teacher_id")
  REFERENCES "teachers" ("id")
[0m
  [1m[35m (73.5ms)[0m  CREATE TABLE "schema_migrations" ("version" character varying NOT NULL) 
  [1m[36m (46.4ms)[0m  [1mCREATE UNIQUE INDEX  "unique_schema_migrations" ON "schema_migrations"  ("version")[0m
  [1m[35m (0.8ms)[0m  SELECT version FROM "schema_migrations"
  [1m[36m (5.6ms)[0m  [1mINSERT INTO "schema_migrations" (version) VALUES ('20150810192834')[0m
  [1m[36mSQL (0.4ms)[0m  [1mCREATE EXTENSION IF NOT EXISTS "plpgsql"[0m
  [1m[35m (13.0ms)[0m  DROP TABLE "participations" CASCADE
  [1m[36m (48.4ms)[0m  [1mCREATE TABLE "participations" ("id" serial primary key, "student_id" integer, "subject_item_id" integer, "created_at" timestamp NOT NULL, "updated_at" timestamp NOT NULL) [0m
  [1m[35m (44.3ms)[0m  CREATE  INDEX  "index_participations_on_student_id" ON "participations" USING btree ("student_id")
  [1m[36m (46.5ms)[0m  [1mCREATE  INDEX  "index_participations_on_subject_item_id" ON "participations" USING btree ("subject_item_id")[0m
  [1m[35m (7.4ms)[0m  DROP TABLE "students" CASCADE
  [1m[36m (90.1ms)[0m  [1mCREATE TABLE "students" ("id" serial primary key, "first_name" character varying, "last_name" character varying, "created_at" timestamp NOT NULL, "updated_at" timestamp NOT NULL) [0m
  [1m[35m (7.3ms)[0m  DROP TABLE "subject_item_notes" CASCADE
  [1m[36m (49.6ms)[0m  [1mCREATE TABLE "subject_item_notes" ("id" serial primary key, "value" integer, "subject_item_id" integer, "created_at" timestamp NOT NULL, "updated_at" timestamp NOT NULL) [0m
  [1m[35m (56.2ms)[0m  CREATE  INDEX  "index_subject_item_notes_on_subject_item_id" ON "subject_item_notes" USING btree ("subject_item_id")
  [1m[36m (7.2ms)[0m  [1mDROP TABLE "subject_items" CASCADE[0m
  [1m[35m (89.9ms)[0m  CREATE TABLE "subject_items" ("id" serial primary key, "title" character varying, "created_at" timestamp NOT NULL, "updated_at" timestamp NOT NULL, "teacher_id" integer) 
  [1m[36m (45.5ms)[0m  [1mCREATE  INDEX  "index_subject_items_on_teacher_id" ON "subject_items" USING btree ("teacher_id")[0m
  [1m[35m (7.6ms)[0m  DROP TABLE "teachers" CASCADE
  [1m[36m (73.8ms)[0m  [1mCREATE TABLE "teachers" ("id" serial primary key, "first_name" character varying, "last_name" character varying, "academic_title" character varying, "created_at" timestamp NOT NULL, "updated_at" timestamp NOT NULL) [0m
  [1m[35m (6.2ms)[0m  DROP TABLE "users" CASCADE
  [1m[36m (91.9ms)[0m  [1mCREATE TABLE "users" ("id" serial primary key, "email" character varying DEFAULT '' NOT NULL, "encrypted_password" character varying DEFAULT '' NOT NULL, "reset_password_token" character varying, "reset_password_sent_at" timestamp, "remember_created_at" timestamp, "sign_in_count" integer DEFAULT 0 NOT NULL, "current_sign_in_at" timestamp, "last_sign_in_at" timestamp, "current_sign_in_ip" inet, "last_sign_in_ip" inet, "created_at" timestamp NOT NULL, "updated_at" timestamp NOT NULL) [0m
  [1m[35m (37.8ms)[0m  CREATE UNIQUE INDEX  "index_users_on_email" ON "users" USING btree ("email")
  [1m[36m (45.9ms)[0m  [1mCREATE UNIQUE INDEX  "index_users_on_reset_password_token" ON "users" USING btree ("reset_password_token")[0m
  [1m[35m (7.3ms)[0m  ALTER TABLE "participations" ADD CONSTRAINT "fk_rails_185ff5bee8"
FOREIGN KEY ("student_id")
  REFERENCES "students" ("id")

  [1m[36m (7.5ms)[0m  [1mALTER TABLE "participations" ADD CONSTRAINT "fk_rails_76267974c1"
FOREIGN KEY ("subject_item_id")
  REFERENCES "subject_items" ("id")
[0m
  [1m[35m (7.5ms)[0m  ALTER TABLE "subject_item_notes" ADD CONSTRAINT "fk_rails_058a0d7ccf"
FOREIGN KEY ("subject_item_id")
  REFERENCES "subject_items" ("id")

  [1m[36m (7.4ms)[0m  [1mALTER TABLE "subject_items" ADD CONSTRAINT "fk_rails_f14980cba6"
FOREIGN KEY ("teacher_id")
  REFERENCES "teachers" ("id")
[0m
  [1m[35m (0.5ms)[0m  SELECT version FROM "schema_migrations"
  [1m[36m (0.3ms)[0m  [1mDROP DATABASE IF EXISTS "workshops_test"[0m
  [1m[35m (1218.9ms)[0m  CREATE DATABASE "workshops_test" ENCODING = 'unicode'
  [1m[36mSQL (0.6ms)[0m  [1mCREATE EXTENSION IF NOT EXISTS "plpgsql"[0m
  [1m[35m (61.1ms)[0m  CREATE TABLE "participations" ("id" serial primary key, "student_id" integer, "subject_item_id" integer, "created_at" timestamp NOT NULL, "updated_at" timestamp NOT NULL) 
  [1m[36m (45.7ms)[0m  [1mCREATE  INDEX  "index_participations_on_student_id" ON "participations" USING btree ("student_id")[0m
  [1m[35m (46.3ms)[0m  CREATE  INDEX  "index_participations_on_subject_item_id" ON "participations" USING btree ("subject_item_id")
  [1m[36m (81.1ms)[0m  [1mCREATE TABLE "students" ("id" serial primary key, "first_name" character varying, "last_name" character varying, "created_at" timestamp NOT NULL, "updated_at" timestamp NOT NULL) [0m
  [1m[35m (56.1ms)[0m  CREATE TABLE "subject_item_notes" ("id" serial primary key, "value" integer, "subject_item_id" integer, "created_at" timestamp NOT NULL, "updated_at" timestamp NOT NULL) 
  [1m[36m (37.6ms)[0m  [1mCREATE  INDEX  "index_subject_item_notes_on_subject_item_id" ON "subject_item_notes" USING btree ("subject_item_id")[0m
  [1m[35m (72.6ms)[0m  CREATE TABLE "subject_items" ("id" serial primary key, "title" character varying, "created_at" timestamp NOT NULL, "updated_at" timestamp NOT NULL, "teacher_id" integer) 
  [1m[36m (38.2ms)[0m  [1mCREATE  INDEX  "index_subject_items_on_teacher_id" ON "subject_items" USING btree ("teacher_id")[0m
  [1m[35m (90.1ms)[0m  CREATE TABLE "teachers" ("id" serial primary key, "first_name" character varying, "last_name" character varying, "academic_title" character varying, "created_at" timestamp NOT NULL, "updated_at" timestamp NOT NULL) 
  [1m[36m (91.6ms)[0m  [1mCREATE TABLE "users" ("id" serial primary key, "email" character varying DEFAULT '' NOT NULL, "encrypted_password" character varying DEFAULT '' NOT NULL, "reset_password_token" character varying, "reset_password_sent_at" timestamp, "remember_created_at" timestamp, "sign_in_count" integer DEFAULT 0 NOT NULL, "current_sign_in_at" timestamp, "last_sign_in_at" timestamp, "current_sign_in_ip" inet, "last_sign_in_ip" inet, "created_at" timestamp NOT NULL, "updated_at" timestamp NOT NULL) [0m
  [1m[35m (45.6ms)[0m  CREATE UNIQUE INDEX  "index_users_on_email" ON "users" USING btree ("email")
  [1m[36m (45.9ms)[0m  [1mCREATE UNIQUE INDEX  "index_users_on_reset_password_token" ON "users" USING btree ("reset_password_token")[0m
  [1m[35m (7.3ms)[0m  ALTER TABLE "participations" ADD CONSTRAINT "fk_rails_185ff5bee8"
FOREIGN KEY ("student_id")
  REFERENCES "students" ("id")

  [1m[36m (7.3ms)[0m  [1mALTER TABLE "participations" ADD CONSTRAINT "fk_rails_76267974c1"
FOREIGN KEY ("subject_item_id")
  REFERENCES "subject_items" ("id")
[0m
  [1m[35m (7.5ms)[0m  ALTER TABLE "subject_item_notes" ADD CONSTRAINT "fk_rails_058a0d7ccf"
FOREIGN KEY ("subject_item_id")
  REFERENCES "subject_items" ("id")

  [1m[36m (7.4ms)[0m  [1mALTER TABLE "subject_items" ADD CONSTRAINT "fk_rails_f14980cba6"
FOREIGN KEY ("teacher_id")
  REFERENCES "teachers" ("id")
[0m
  [1m[35m (52.3ms)[0m  CREATE TABLE "schema_migrations" ("version" character varying NOT NULL) 
  [1m[36m (43.8ms)[0m  [1mCREATE UNIQUE INDEX  "unique_schema_migrations" ON "schema_migrations"  ("version")[0m
  [1m[35m (0.8ms)[0m  SELECT version FROM "schema_migrations"
  [1m[36m (6.6ms)[0m  [1mINSERT INTO "schema_migrations" (version) VALUES ('20150810192834')[0m
  [1m[36mSQL (0.3ms)[0m  [1mCREATE EXTENSION IF NOT EXISTS "plpgsql"[0m
  [1m[35m (27.1ms)[0m  DROP TABLE "participations" CASCADE
  [1m[36m (42.0ms)[0m  [1mCREATE TABLE "participations" ("id" serial primary key, "student_id" integer, "subject_item_id" integer, "created_at" timestamp NOT NULL, "updated_at" timestamp NOT NULL) [0m
  [1m[35m (46.2ms)[0m  CREATE  INDEX  "index_participations_on_student_id" ON "participations" USING btree ("student_id")
  [1m[36m (36.8ms)[0m  [1mCREATE  INDEX  "index_participations_on_subject_item_id" ON "participations" USING btree ("subject_item_id")[0m
  [1m[35m (7.4ms)[0m  DROP TABLE "students" CASCADE
  [1m[36m (82.9ms)[0m  [1mCREATE TABLE "students" ("id" serial primary key, "first_name" character varying, "last_name" character varying, "created_at" timestamp NOT NULL, "updated_at" timestamp NOT NULL) [0m
  [1m[35m (7.4ms)[0m  DROP TABLE "subject_item_notes" CASCADE
  [1m[36m (41.4ms)[0m  [1mCREATE TABLE "subject_item_notes" ("id" serial primary key, "value" integer, "subject_item_id" integer, "created_at" timestamp NOT NULL, "updated_at" timestamp NOT NULL, "student_id" integer) [0m
  [1m[35m (81.0ms)[0m  CREATE  INDEX  "index_subject_item_notes_on_subject_item_id" ON "subject_item_notes" USING btree ("subject_item_id")
  [1m[36m (38.6ms)[0m  [1mCREATE  INDEX  "index_subject_item_notes_on_student_id" ON "subject_item_notes" USING btree ("student_id")[0m
  [1m[35m (7.2ms)[0m  DROP TABLE "subject_items" CASCADE
  [1m[36m (107.4ms)[0m  [1mCREATE TABLE "subject_items" ("id" serial primary key, "title" character varying, "created_at" timestamp NOT NULL, "updated_at" timestamp NOT NULL, "teacher_id" integer, "student_id" integer) [0m
  [1m[35m (38.1ms)[0m  CREATE  INDEX  "index_subject_items_on_teacher_id" ON "subject_items" USING btree ("teacher_id")
  [1m[36m (46.0ms)[0m  [1mCREATE  INDEX  "index_subject_items_on_student_id" ON "subject_items" USING btree ("student_id")[0m
  [1m[35m (6.7ms)[0m  DROP TABLE "teachers" CASCADE
  [1m[36m (74.3ms)[0m  [1mCREATE TABLE "teachers" ("id" serial primary key, "first_name" character varying, "last_name" character varying, "academic_title" character varying, "created_at" timestamp NOT NULL, "updated_at" timestamp NOT NULL) [0m
  [1m[35m (6.9ms)[0m  DROP TABLE "users" CASCADE
  [1m[36m (76.7ms)[0m  [1mCREATE TABLE "users" ("id" serial primary key, "email" character varying DEFAULT '' NOT NULL, "encrypted_password" character varying DEFAULT '' NOT NULL, "reset_password_token" character varying, "reset_password_sent_at" timestamp, "remember_created_at" timestamp, "sign_in_count" integer DEFAULT 0 NOT NULL, "current_sign_in_at" timestamp, "last_sign_in_at" timestamp, "current_sign_in_ip" inet, "last_sign_in_ip" inet, "created_at" timestamp NOT NULL, "updated_at" timestamp NOT NULL) [0m
  [1m[35m (37.9ms)[0m  CREATE UNIQUE INDEX  "index_users_on_email" ON "users" USING btree ("email")
  [1m[36m (38.3ms)[0m  [1mCREATE UNIQUE INDEX  "index_users_on_reset_password_token" ON "users" USING btree ("reset_password_token")[0m
  [1m[35m (7.6ms)[0m  ALTER TABLE "participations" ADD CONSTRAINT "fk_rails_185ff5bee8"
FOREIGN KEY ("student_id")
  REFERENCES "students" ("id")

  [1m[36m (7.5ms)[0m  [1mALTER TABLE "participations" ADD CONSTRAINT "fk_rails_76267974c1"
FOREIGN KEY ("subject_item_id")
  REFERENCES "subject_items" ("id")
[0m
  [1m[35m (7.3ms)[0m  ALTER TABLE "subject_item_notes" ADD CONSTRAINT "fk_rails_058a0d7ccf"
FOREIGN KEY ("subject_item_id")
  REFERENCES "subject_items" ("id")

  [1m[36m (1.5ms)[0m  [1mALTER TABLE "subject_items_notes" ADD CONSTRAINT "fk_rails_cc0e1e5431"
FOREIGN KEY ("student_id")
  REFERENCES "students" ("id")
[0m
PG::UndefinedTable: ERROR:  relation "subject_items_notes" does not exist
: ALTER TABLE "subject_items_notes" ADD CONSTRAINT "fk_rails_cc0e1e5431"
FOREIGN KEY ("student_id")
  REFERENCES "students" ("id")

  [1m[36m (825.6ms)[0m  [1mDROP DATABASE IF EXISTS "workshops_test"[0m
  [1m[35m (532.8ms)[0m  CREATE DATABASE "workshops_test" ENCODING = 'unicode'
  [1m[36mSQL (0.6ms)[0m  [1mCREATE EXTENSION IF NOT EXISTS "plpgsql"[0m
  [1m[35m (47.8ms)[0m  CREATE TABLE "participations" ("id" serial primary key, "student_id" integer, "subject_item_id" integer, "created_at" timestamp NOT NULL, "updated_at" timestamp NOT NULL) 
  [1m[36m (45.8ms)[0m  [1mCREATE  INDEX  "index_participations_on_student_id" ON "participations" USING btree ("student_id")[0m
  [1m[35m (46.1ms)[0m  CREATE  INDEX  "index_participations_on_subject_item_id" ON "participations" USING btree ("subject_item_id")
  [1m[36m (65.0ms)[0m  [1mCREATE TABLE "students" ("id" serial primary key, "first_name" character varying, "last_name" character varying, "created_at" timestamp NOT NULL, "updated_at" timestamp NOT NULL) [0m
  [1m[35m (39.7ms)[0m  CREATE TABLE "subject_item_notes" ("id" serial primary key, "value" integer, "subject_item_id" integer, "created_at" timestamp NOT NULL, "updated_at" timestamp NOT NULL, "student_id" integer) 
  [1m[36m (37.9ms)[0m  [1mCREATE  INDEX  "index_subject_item_notes_on_subject_item_id" ON "subject_item_notes" USING btree ("subject_item_id")[0m
  [1m[35m (38.1ms)[0m  CREATE  INDEX  "index_subject_item_notes_on_student_id" ON "subject_item_notes" USING btree ("student_id")
  [1m[36m (65.0ms)[0m  [1mCREATE TABLE "subject_items" ("id" serial primary key, "title" character varying, "created_at" timestamp NOT NULL, "updated_at" timestamp NOT NULL, "teacher_id" integer, "student_id" integer) [0m
  [1m[35m (37.8ms)[0m  CREATE  INDEX  "index_subject_items_on_teacher_id" ON "subject_items" USING btree ("teacher_id")
  [1m[36m (38.1ms)[0m  [1mCREATE  INDEX  "index_subject_items_on_student_id" ON "subject_items" USING btree ("student_id")[0m
  [1m[35m (81.3ms)[0m  CREATE TABLE "teachers" ("id" serial primary key, "first_name" character varying, "last_name" character varying, "academic_title" character varying, "created_at" timestamp NOT NULL, "updated_at" timestamp NOT NULL) 
  [1m[36m (92.2ms)[0m  [1mCREATE TABLE "users" ("id" serial primary key, "email" character varying DEFAULT '' NOT NULL, "encrypted_password" character varying DEFAULT '' NOT NULL, "reset_password_token" character varying, "reset_password_sent_at" timestamp, "remember_created_at" timestamp, "sign_in_count" integer DEFAULT 0 NOT NULL, "current_sign_in_at" timestamp, "last_sign_in_at" timestamp, "current_sign_in_ip" inet, "last_sign_in_ip" inet, "created_at" timestamp NOT NULL, "updated_at" timestamp NOT NULL) [0m
  [1m[35m (46.2ms)[0m  CREATE UNIQUE INDEX  "index_users_on_email" ON "users" USING btree ("email")
  [1m[36m (46.4ms)[0m  [1mCREATE UNIQUE INDEX  "index_users_on_reset_password_token" ON "users" USING btree ("reset_password_token")[0m
  [1m[35m (7.1ms)[0m  ALTER TABLE "participations" ADD CONSTRAINT "fk_rails_185ff5bee8"
FOREIGN KEY ("student_id")
  REFERENCES "students" ("id")

  [1m[36m (7.5ms)[0m  [1mALTER TABLE "participations" ADD CONSTRAINT "fk_rails_76267974c1"
FOREIGN KEY ("subject_item_id")
  REFERENCES "subject_items" ("id")
[0m
  [1m[35m (7.6ms)[0m  ALTER TABLE "subject_item_notes" ADD CONSTRAINT "fk_rails_058a0d7ccf"
FOREIGN KEY ("subject_item_id")
  REFERENCES "subject_items" ("id")

  [1m[36m (1.4ms)[0m  [1mALTER TABLE "subject_items_notes" ADD CONSTRAINT "fk_rails_cc0e1e5431"
FOREIGN KEY ("student_id")
  REFERENCES "students" ("id")
[0m
PG::UndefinedTable: ERROR:  relation "subject_items_notes" does not exist
: ALTER TABLE "subject_items_notes" ADD CONSTRAINT "fk_rails_cc0e1e5431"
FOREIGN KEY ("student_id")
  REFERENCES "students" ("id")

  [1m[36mSQL (0.3ms)[0m  [1mCREATE EXTENSION IF NOT EXISTS "plpgsql"[0m
  [1m[35m (17.8ms)[0m  DROP TABLE "participations" CASCADE
  [1m[36m (50.1ms)[0m  [1mCREATE TABLE "participations" ("id" serial primary key, "student_id" integer, "subject_item_id" integer, "created_at" timestamp NOT NULL, "updated_at" timestamp NOT NULL) [0m
  [1m[35m (38.0ms)[0m  CREATE  INDEX  "index_participations_on_student_id" ON "participations" USING btree ("student_id")
  [1m[36m (46.5ms)[0m  [1mCREATE  INDEX  "index_participations_on_subject_item_id" ON "participations" USING btree ("subject_item_id")[0m
  [1m[35m (7.2ms)[0m  DROP TABLE "students" CASCADE
  [1m[36m (74.3ms)[0m  [1mCREATE TABLE "students" ("id" serial primary key, "first_name" character varying, "last_name" character varying, "created_at" timestamp NOT NULL, "updated_at" timestamp NOT NULL) [0m
  [1m[35m (6.5ms)[0m  DROP TABLE "subject_item_notes" CASCADE
  [1m[36m (40.5ms)[0m  [1mCREATE TABLE "subject_item_notes" ("id" serial primary key, "value" integer, "subject_item_id" integer, "created_at" timestamp NOT NULL, "updated_at" timestamp NOT NULL, "student_id" integer) [0m
  [1m[35m (37.7ms)[0m  CREATE  INDEX  "index_subject_item_notes_on_subject_item_id" ON "subject_item_notes" USING btree ("subject_item_id")
  [1m[36m (37.7ms)[0m  [1mCREATE  INDEX  "index_subject_item_notes_on_student_id" ON "subject_item_notes" USING btree ("student_id")[0m
  [1m[35m (7.3ms)[0m  DROP TABLE "subject_items" CASCADE
  [1m[36m (82.0ms)[0m  [1mCREATE TABLE "subject_items" ("id" serial primary key, "title" character varying, "created_at" timestamp NOT NULL, "updated_at" timestamp NOT NULL, "teacher_id" integer, "student_id" integer) [0m
  [1m[35m (37.9ms)[0m  CREATE  INDEX  "index_subject_items_on_teacher_id" ON "subject_items" USING btree ("teacher_id")
  [1m[36m (38.2ms)[0m  [1mCREATE  INDEX  "index_subject_items_on_student_id" ON "subject_items" USING btree ("student_id")[0m
  [1m[35m (7.0ms)[0m  DROP TABLE "teachers" CASCADE
  [1m[36m (74.0ms)[0m  [1mCREATE TABLE "teachers" ("id" serial primary key, "first_name" character varying, "last_name" character varying, "academic_title" character varying, "created_at" timestamp NOT NULL, "updated_at" timestamp NOT NULL) [0m
  [1m[35m (7.2ms)[0m  DROP TABLE "users" CASCADE
  [1m[36m (84.8ms)[0m  [1mCREATE TABLE "users" ("id" serial primary key, "email" character varying DEFAULT '' NOT NULL, "encrypted_password" character varying DEFAULT '' NOT NULL, "reset_password_token" character varying, "reset_password_sent_at" timestamp, "remember_created_at" timestamp, "sign_in_count" integer DEFAULT 0 NOT NULL, "current_sign_in_at" timestamp, "last_sign_in_at" timestamp, "current_sign_in_ip" inet, "last_sign_in_ip" inet, "created_at" timestamp NOT NULL, "updated_at" timestamp NOT NULL) [0m
  [1m[35m (45.8ms)[0m  CREATE UNIQUE INDEX  "index_users_on_email" ON "users" USING btree ("email")
  [1m[36m (37.9ms)[0m  [1mCREATE UNIQUE INDEX  "index_users_on_reset_password_token" ON "users" USING btree ("reset_password_token")[0m
  [1m[35m (7.5ms)[0m  ALTER TABLE "participations" ADD CONSTRAINT "fk_rails_185ff5bee8"
FOREIGN KEY ("student_id")
  REFERENCES "students" ("id")

  [1m[36m (7.4ms)[0m  [1mALTER TABLE "participations" ADD CONSTRAINT "fk_rails_76267974c1"
FOREIGN KEY ("subject_item_id")
  REFERENCES "subject_items" ("id")
[0m
  [1m[35m (7.2ms)[0m  ALTER TABLE "subject_item_notes" ADD CONSTRAINT "fk_rails_058a0d7ccf"
FOREIGN KEY ("subject_item_id")
  REFERENCES "subject_items" ("id")

  [1m[36m (7.5ms)[0m  [1mALTER TABLE "subject_item_notes" ADD CONSTRAINT "fk_rails_e00788d7e2"
FOREIGN KEY ("student_id")
  REFERENCES "students" ("id")
[0m
  [1m[35m (7.3ms)[0m  ALTER TABLE "subject_items" ADD CONSTRAINT "fk_rails_f14980cba6"
FOREIGN KEY ("teacher_id")
  REFERENCES "teachers" ("id")

  [1m[36m (9.5ms)[0m  [1mALTER TABLE "subject_items" ADD CONSTRAINT "fk_rails_c0133ef62c"
FOREIGN KEY ("student_id")
  REFERENCES "students" ("id")
[0m
  [1m[35m (0.7ms)[0m  SELECT version FROM "schema_migrations"
  [1m[36m (926.6ms)[0m  [1mDROP DATABASE IF EXISTS "workshops_test"[0m
  [1m[35m (541.2ms)[0m  CREATE DATABASE "workshops_test" ENCODING = 'unicode'
  [1m[36mSQL (0.5ms)[0m  [1mCREATE EXTENSION IF NOT EXISTS "plpgsql"[0m
  [1m[35m (46.8ms)[0m  CREATE TABLE "participations" ("id" serial primary key, "student_id" integer, "subject_item_id" integer, "created_at" timestamp NOT NULL, "updated_at" timestamp NOT NULL) 
  [1m[36m (46.2ms)[0m  [1mCREATE  INDEX  "index_participations_on_student_id" ON "participations" USING btree ("student_id")[0m
  [1m[35m (46.3ms)[0m  CREATE  INDEX  "index_participations_on_subject_item_id" ON "participations" USING btree ("subject_item_id")
  [1m[36m (82.1ms)[0m  [1mCREATE TABLE "students" ("id" serial primary key, "first_name" character varying, "last_name" character varying, "created_at" timestamp NOT NULL, "updated_at" timestamp NOT NULL) [0m
  [1m[35m (39.6ms)[0m  CREATE TABLE "subject_item_notes" ("id" serial primary key, "value" integer, "subject_item_id" integer, "created_at" timestamp NOT NULL, "updated_at" timestamp NOT NULL, "student_id" integer) 
  [1m[36m (37.9ms)[0m  [1mCREATE  INDEX  "index_subject_item_notes_on_subject_item_id" ON "subject_item_notes" USING btree ("subject_item_id")[0m
  [1m[35m (37.9ms)[0m  CREATE  INDEX  "index_subject_item_notes_on_student_id" ON "subject_item_notes" USING btree ("student_id")
  [1m[36m (81.5ms)[0m  [1mCREATE TABLE "subject_items" ("id" serial primary key, "title" character varying, "created_at" timestamp NOT NULL, "updated_at" timestamp NOT NULL, "teacher_id" integer, "student_id" integer) [0m
  [1m[35m (46.7ms)[0m  CREATE  INDEX  "index_subject_items_on_teacher_id" ON "subject_items" USING btree ("teacher_id")
  [1m[36m (46.4ms)[0m  [1mCREATE  INDEX  "index_subject_items_on_student_id" ON "subject_items" USING btree ("student_id")[0m
  [1m[35m (81.7ms)[0m  CREATE TABLE "teachers" ("id" serial primary key, "first_name" character varying, "last_name" character varying, "academic_title" character varying, "created_at" timestamp NOT NULL, "updated_at" timestamp NOT NULL) 
  [1m[36m (83.5ms)[0m  [1mCREATE TABLE "users" ("id" serial primary key, "email" character varying DEFAULT '' NOT NULL, "encrypted_password" character varying DEFAULT '' NOT NULL, "reset_password_token" character varying, "reset_password_sent_at" timestamp, "remember_created_at" timestamp, "sign_in_count" integer DEFAULT 0 NOT NULL, "current_sign_in_at" timestamp, "last_sign_in_at" timestamp, "current_sign_in_ip" inet, "last_sign_in_ip" inet, "created_at" timestamp NOT NULL, "updated_at" timestamp NOT NULL) [0m
  [1m[35m (45.3ms)[0m  CREATE UNIQUE INDEX  "index_users_on_email" ON "users" USING btree ("email")
  [1m[36m (45.8ms)[0m  [1mCREATE UNIQUE INDEX  "index_users_on_reset_password_token" ON "users" USING btree ("reset_password_token")[0m
  [1m[35m (7.5ms)[0m  ALTER TABLE "participations" ADD CONSTRAINT "fk_rails_185ff5bee8"
FOREIGN KEY ("student_id")
  REFERENCES "students" ("id")

  [1m[36m (7.6ms)[0m  [1mALTER TABLE "participations" ADD CONSTRAINT "fk_rails_76267974c1"
FOREIGN KEY ("subject_item_id")
  REFERENCES "subject_items" ("id")
[0m
  [1m[35m (7.8ms)[0m  ALTER TABLE "subject_item_notes" ADD CONSTRAINT "fk_rails_058a0d7ccf"
FOREIGN KEY ("subject_item_id")
  REFERENCES "subject_items" ("id")

  [1m[36m (7.6ms)[0m  [1mALTER TABLE "subject_item_notes" ADD CONSTRAINT "fk_rails_e00788d7e2"
FOREIGN KEY ("student_id")
  REFERENCES "students" ("id")
[0m
  [1m[35m (7.6ms)[0m  ALTER TABLE "subject_items" ADD CONSTRAINT "fk_rails_f14980cba6"
FOREIGN KEY ("teacher_id")
  REFERENCES "teachers" ("id")

  [1m[36m (7.5ms)[0m  [1mALTER TABLE "subject_items" ADD CONSTRAINT "fk_rails_c0133ef62c"
FOREIGN KEY ("student_id")
  REFERENCES "students" ("id")
[0m
  [1m[35m (50.1ms)[0m  CREATE TABLE "schema_migrations" ("version" character varying NOT NULL) 
  [1m[36m (46.5ms)[0m  [1mCREATE UNIQUE INDEX  "unique_schema_migrations" ON "schema_migrations"  ("version")[0m
  [1m[35m (0.9ms)[0m  SELECT version FROM "schema_migrations"
  [1m[36m (6.6ms)[0m  [1mINSERT INTO "schema_migrations" (version) VALUES ('20150810192834')[0m


Started GET "/" for 127.0.0.1 at 2015-08-17 16:45:33 +0200
Processing by Rails::WelcomeController#index as HTML
  Rendered /home/marcin/.rbenv/versions/2.2.0/lib/ruby/gems/2.2.0/gems/railties-4.2.1/lib/rails/templates/rails/welcome/index.html.erb (1.6ms)
Completed 200 OK in 40ms (Views: 19.1ms | ActiveRecord: 0.0ms)


Started GET "/" for 127.0.0.1 at 2015-08-17 16:45:35 +0200
Processing by Rails::WelcomeController#index as HTML
  Rendered /home/marcin/.rbenv/versions/2.2.0/lib/ruby/gems/2.2.0/gems/railties-4.2.1/lib/rails/templates/rails/welcome/index.html.erb (0.2ms)
Completed 200 OK in 3ms (Views: 1.9ms | ActiveRecord: 0.0ms)


Started GET "/students" for 127.0.0.1 at 2015-08-17 16:47:22 +0200
Processing by StudentsController#index as HTML
  Rendered students/index.html.haml within layouts/application (257.8ms)
Completed 500 Internal Server Error in 263ms (ActiveRecord: 0.0ms)

NameError - undefined local variable or method `students' for #<#<Class:0x007fc870c9c558>:0x007fc89cab38a0>:
  app/views/students/index.html.haml:9:in `_app_views_students_index_html_haml__4205028815047395859_70249799322300'
  actionview (4.2.1) lib/action_view/template.rb:145:in `block in render'
  activesupport (4.2.1) lib/active_support/notifications.rb:166:in `instrument'
  actionview (4.2.1) lib/action_view/template.rb:333:in `instrument'
  actionview (4.2.1) lib/action_view/template.rb:143:in `render'
  actionview (4.2.1) lib/action_view/renderer/template_renderer.rb:54:in `block (2 levels) in render_template'
  actionview (4.2.1) lib/action_view/renderer/abstract_renderer.rb:39:in `block in instrument'
  activesupport (4.2.1) lib/active_support/notifications.rb:164:in `block in instrument'
  activesupport (4.2.1) lib/active_support/notifications/instrumenter.rb:20:in `instrument'
  activesupport (4.2.1) lib/active_support/notifications.rb:164:in `instrument'
  actionview (4.2.1) lib/action_view/renderer/abstract_renderer.rb:39:in `instrument'
  actionview (4.2.1) lib/action_view/renderer/template_renderer.rb:53:in `block in render_template'
  actionview (4.2.1) lib/action_view/renderer/template_renderer.rb:61:in `render_with_layout'
  actionview (4.2.1) lib/action_view/renderer/template_renderer.rb:52:in `render_template'
  actionview (4.2.1) lib/action_view/renderer/template_renderer.rb:14:in `render'
  actionview (4.2.1) lib/action_view/renderer/renderer.rb:42:in `render_template'
  actionview (4.2.1) lib/action_view/renderer/renderer.rb:23:in `render'
  actionview (4.2.1) lib/action_view/rendering.rb:100:in `_render_template'
  actionpack (4.2.1) lib/action_controller/metal/streaming.rb:217:in `_render_template'
  actionview (4.2.1) lib/action_view/rendering.rb:83:in `render_to_body'
  actionpack (4.2.1) lib/action_controller/metal/rendering.rb:32:in `render_to_body'
  actionpack (4.2.1) lib/action_controller/metal/renderers.rb:37:in `render_to_body'
  actionpack (4.2.1) lib/abstract_controller/rendering.rb:25:in `render'
  actionpack (4.2.1) lib/action_controller/metal/rendering.rb:16:in `render'
  actionpack (4.2.1) lib/action_controller/metal/instrumentation.rb:44:in `block (2 levels) in render'
  activesupport (4.2.1) lib/active_support/core_ext/benchmark.rb:12:in `block in ms'
  /home/marcin/.rbenv/versions/2.2.0/lib/ruby/2.2.0/benchmark.rb:303:in `realtime'
  activesupport (4.2.1) lib/active_support/core_ext/benchmark.rb:12:in `ms'
  actionpack (4.2.1) lib/action_controller/metal/instrumentation.rb:44:in `block in render'
  actionpack (4.2.1) lib/action_controller/metal/instrumentation.rb:87:in `cleanup_view_runtime'
  activerecord (4.2.1) lib/active_record/railties/controller_runtime.rb:25:in `cleanup_view_runtime'
  actionpack (4.2.1) lib/action_controller/metal/instrumentation.rb:43:in `render'
  actionpack (4.2.1) lib/action_controller/metal/implicit_render.rb:10:in `default_render'
  actionpack (4.2.1) lib/action_controller/metal/implicit_render.rb:4:in `send_action'
  actionpack (4.2.1) lib/abstract_controller/base.rb:198:in `process_action'
  actionpack (4.2.1) lib/action_controller/metal/rendering.rb:10:in `process_action'
  actionpack (4.2.1) lib/abstract_controller/callbacks.rb:20:in `block in process_action'
  activesupport (4.2.1) lib/active_support/callbacks.rb:117:in `call'
  activesupport (4.2.1) lib/active_support/callbacks.rb:555:in `block (2 levels) in compile'
  activesupport (4.2.1) lib/active_support/callbacks.rb:505:in `call'
  activesupport (4.2.1) lib/active_support/callbacks.rb:92:in `_run_callbacks'
  activesupport (4.2.1) lib/active_support/callbacks.rb:776:in `_run_process_action_callbacks'
  activesupport (4.2.1) lib/active_support/callbacks.rb:81:in `run_callbacks'
  actionpack (4.2.1) lib/abstract_controller/callbacks.rb:19:in `process_action'
  actionpack (4.2.1) lib/action_controller/metal/rescue.rb:29:in `process_action'
  actionpack (4.2.1) lib/action_controller/metal/instrumentation.rb:32:in `block in process_action'
  activesupport (4.2.1) lib/active_support/notifications.rb:164:in `block in instrument'
  activesupport (4.2.1) lib/active_support/notifications/instrumenter.rb:20:in `instrument'
  activesupport (4.2.1) lib/active_support/notifications.rb:164:in `instrument'
  actionpack (4.2.1) lib/action_controller/metal/instrumentation.rb:30:in `process_action'
  actionpack (4.2.1) lib/action_controller/metal/params_wrapper.rb:250:in `process_action'
  activerecord (4.2.1) lib/active_record/railties/controller_runtime.rb:18:in `process_action'
  actionpack (4.2.1) lib/abstract_controller/base.rb:137:in `process'
  actionview (4.2.1) lib/action_view/rendering.rb:30:in `process'
  actionpack (4.2.1) lib/action_controller/metal.rb:196:in `dispatch'
  actionpack (4.2.1) lib/action_controller/metal/rack_delegation.rb:13:in `dispatch'
  actionpack (4.2.1) lib/action_controller/metal.rb:237:in `block in action'
  actionpack (4.2.1) lib/action_dispatch/routing/route_set.rb:74:in `dispatch'
  actionpack (4.2.1) lib/action_dispatch/routing/route_set.rb:43:in `serve'
  actionpack (4.2.1) lib/action_dispatch/journey/router.rb:43:in `block in serve'
  actionpack (4.2.1) lib/action_dispatch/journey/router.rb:30:in `serve'
  actionpack (4.2.1) lib/action_dispatch/routing/route_set.rb:819:in `call'
  warden (1.2.3) lib/warden/manager.rb:35:in `block in call'
  warden (1.2.3) lib/warden/manager.rb:34:in `call'
  rack (1.6.1) lib/rack/etag.rb:24:in `call'
  rack (1.6.1) lib/rack/conditionalget.rb:25:in `call'
  rack (1.6.1) lib/rack/head.rb:13:in `call'
  actionpack (4.2.1) lib/action_dispatch/middleware/params_parser.rb:27:in `call'
  actionpack (4.2.1) lib/action_dispatch/middleware/flash.rb:260:in `call'
  rack (1.6.1) lib/rack/session/abstract/id.rb:225:in `context'
  rack (1.6.1) lib/rack/session/abstract/id.rb:220:in `call'
  actionpack (4.2.1) lib/action_dispatch/middleware/cookies.rb:560:in `call'
  activerecord (4.2.1) lib/active_record/query_cache.rb:36:in `call'
  activerecord (4.2.1) lib/active_record/connection_adapters/abstract/connection_pool.rb:649:in `call'
  activerecord (4.2.1) lib/active_record/migration.rb:378:in `call'
  actionpack (4.2.1) lib/action_dispatch/middleware/callbacks.rb:29:in `block in call'
  activesupport (4.2.1) lib/active_support/callbacks.rb:88:in `_run_callbacks'
  activesupport (4.2.1) lib/active_support/callbacks.rb:776:in `_run_call_callbacks'
  activesupport (4.2.1) lib/active_support/callbacks.rb:81:in `run_callbacks'
  actionpack (4.2.1) lib/action_dispatch/middleware/callbacks.rb:27:in `call'
  actionpack (4.2.1) lib/action_dispatch/middleware/reloader.rb:73:in `call'
  actionpack (4.2.1) lib/action_dispatch/middleware/remote_ip.rb:78:in `call'
  better_errors (2.1.1) lib/better_errors/middleware.rb:84:in `protected_app_call'
  better_errors (2.1.1) lib/better_errors/middleware.rb:79:in `better_errors_call'
  better_errors (2.1.1) lib/better_errors/middleware.rb:57:in `call'
  actionpack (4.2.1) lib/action_dispatch/middleware/debug_exceptions.rb:17:in `call'
  web-console (2.1.2) lib/web_console/middleware.rb:37:in `call'
  actionpack (4.2.1) lib/action_dispatch/middleware/show_exceptions.rb:30:in `call'
  railties (4.2.1) lib/rails/rack/logger.rb:38:in `call_app'
  railties (4.2.1) lib/rails/rack/logger.rb:20:in `block in call'
  activesupport (4.2.1) lib/active_support/tagged_logging.rb:68:in `block in tagged'
  activesupport (4.2.1) lib/active_support/tagged_logging.rb:26:in `tagged'
  activesupport (4.2.1) lib/active_support/tagged_logging.rb:68:in `tagged'
  railties (4.2.1) lib/rails/rack/logger.rb:20:in `call'
  quiet_assets (1.1.0) lib/quiet_assets.rb:27:in `call_with_quiet_assets'
  request_store (1.1.0) lib/request_store/middleware.rb:8:in `call'
  actionpack (4.2.1) lib/action_dispatch/middleware/request_id.rb:21:in `call'
  rack (1.6.1) lib/rack/methodoverride.rb:22:in `call'
  rack (1.6.1) lib/rack/runtime.rb:18:in `call'
  activesupport (4.2.1) lib/active_support/cache/strategy/local_cache_middleware.rb:28:in `call'
  rack (1.6.1) lib/rack/lock.rb:17:in `call'
  actionpack (4.2.1) lib/action_dispatch/middleware/static.rb:113:in `call'
  rack (1.6.1) lib/rack/sendfile.rb:113:in `call'
  railties (4.2.1) lib/rails/engine.rb:518:in `call'
  railties (4.2.1) lib/rails/application.rb:164:in `call'
  rack (1.6.1) lib/rack/content_length.rb:15:in `call'
  puma (2.11.3) lib/puma/server.rb:507:in `handle_request'
  puma (2.11.3) lib/puma/server.rb:375:in `process_client'
  puma (2.11.3) lib/puma/server.rb:262:in `block in run'
  puma (2.11.3) lib/puma/thread_pool.rb:104:in `block in spawn_thread'



Started POST "/__better_errors/f1a8dd30bafb3f26/variables" for 127.0.0.1 at 2015-08-17 16:47:22 +0200


Started GET "/routes" for 127.0.0.1 at 2015-08-17 16:47:37 +0200

ActionController::RoutingError (No route matches [GET] "/routes"):
  actionpack (4.2.1) lib/action_dispatch/middleware/debug_exceptions.rb:21:in `call'
  web-console (2.1.2) lib/web_console/middleware.rb:37:in `call'
  actionpack (4.2.1) lib/action_dispatch/middleware/show_exceptions.rb:30:in `call'
  railties (4.2.1) lib/rails/rack/logger.rb:38:in `call_app'
  railties (4.2.1) lib/rails/rack/logger.rb:20:in `block in call'
  activesupport (4.2.1) lib/active_support/tagged_logging.rb:68:in `block in tagged'
  activesupport (4.2.1) lib/active_support/tagged_logging.rb:26:in `tagged'
  activesupport (4.2.1) lib/active_support/tagged_logging.rb:68:in `tagged'
  railties (4.2.1) lib/rails/rack/logger.rb:20:in `call'
  quiet_assets (1.1.0) lib/quiet_assets.rb:27:in `call_with_quiet_assets'
  request_store (1.1.0) lib/request_store/middleware.rb:8:in `call'
  actionpack (4.2.1) lib/action_dispatch/middleware/request_id.rb:21:in `call'
  rack (1.6.1) lib/rack/methodoverride.rb:22:in `call'
  rack (1.6.1) lib/rack/runtime.rb:18:in `call'
  activesupport (4.2.1) lib/active_support/cache/strategy/local_cache_middleware.rb:28:in `call'
  rack (1.6.1) lib/rack/lock.rb:17:in `call'
  actionpack (4.2.1) lib/action_dispatch/middleware/static.rb:113:in `call'
  rack (1.6.1) lib/rack/sendfile.rb:113:in `call'
  railties (4.2.1) lib/rails/engine.rb:518:in `call'
  railties (4.2.1) lib/rails/application.rb:164:in `call'
  rack (1.6.1) lib/rack/content_length.rb:15:in `call'
  puma (2.11.3) lib/puma/server.rb:507:in `handle_request'
  puma (2.11.3) lib/puma/server.rb:375:in `process_client'
  puma (2.11.3) lib/puma/server.rb:262:in `block in run'
  puma (2.11.3) lib/puma/thread_pool.rb:104:in `call'
  puma (2.11.3) lib/puma/thread_pool.rb:104:in `block in spawn_thread'


  Rendered /home/marcin/.rbenv/versions/2.2.0/lib/ruby/gems/2.2.0/gems/actionpack-4.2.1/lib/action_dispatch/middleware/templates/rescues/_trace.html.erb (1.4ms)
  Rendered /home/marcin/.rbenv/versions/2.2.0/lib/ruby/gems/2.2.0/gems/actionpack-4.2.1/lib/action_dispatch/middleware/templates/routes/_route.html.erb (1.1ms)
  Rendered /home/marcin/.rbenv/versions/2.2.0/lib/ruby/gems/2.2.0/gems/actionpack-4.2.1/lib/action_dispatch/middleware/templates/routes/_table.html.erb (11.4ms)
  Rendered /home/marcin/.rbenv/versions/2.2.0/lib/ruby/gems/2.2.0/gems/actionpack-4.2.1/lib/action_dispatch/middleware/templates/rescues/_request_and_response.html.erb (1.0ms)
  Rendered /home/marcin/.rbenv/versions/2.2.0/lib/ruby/gems/2.2.0/gems/actionpack-4.2.1/lib/action_dispatch/middleware/templates/rescues/routing_error.html.erb within rescues/layout (59.6ms)
  Rendered /home/marcin/.rbenv/versions/2.2.0/lib/ruby/gems/2.2.0/gems/web-console-2.1.2/lib/web_console/templates/_markup.html.erb (0.4ms)
  Rendered /home/marcin/.rbenv/versions/2.2.0/lib/ruby/gems/2.2.0/gems/web-console-2.1.2/lib/web_console/templates/style.css.erb within layouts/inlined_string (0.3ms)
  Rendered /home/marcin/.rbenv/versions/2.2.0/lib/ruby/gems/2.2.0/gems/web-console-2.1.2/lib/web_console/templates/_inner_console_markup.html.erb within layouts/inlined_string (0.4ms)
  Rendered /home/marcin/.rbenv/versions/2.2.0/lib/ruby/gems/2.2.0/gems/web-console-2.1.2/lib/web_console/templates/_prompt_box_markup.html.erb within layouts/inlined_string (0.3ms)
  Rendered /home/marcin/.rbenv/versions/2.2.0/lib/ruby/gems/2.2.0/gems/web-console-2.1.2/lib/web_console/templates/console.js.erb within layouts/javascript (26.2ms)
  Rendered /home/marcin/.rbenv/versions/2.2.0/lib/ruby/gems/2.2.0/gems/web-console-2.1.2/lib/web_console/templates/main.js.erb within layouts/javascript (0.3ms)
  Rendered /home/marcin/.rbenv/versions/2.2.0/lib/ruby/gems/2.2.0/gems/web-console-2.1.2/lib/web_console/templates/error_page.js.erb within layouts/javascript (0.5ms)
  Rendered /home/marcin/.rbenv/versions/2.2.0/lib/ruby/gems/2.2.0/gems/web-console-2.1.2/lib/web_console/templates/index.html.erb (61.5ms)


Started GET "/studends" for 127.0.0.1 at 2015-08-17 16:47:48 +0200

ActionController::RoutingError (No route matches [GET] "/studends"):
  actionpack (4.2.1) lib/action_dispatch/middleware/debug_exceptions.rb:21:in `call'
  web-console (2.1.2) lib/web_console/middleware.rb:37:in `call'
  actionpack (4.2.1) lib/action_dispatch/middleware/show_exceptions.rb:30:in `call'
  railties (4.2.1) lib/rails/rack/logger.rb:38:in `call_app'
  railties (4.2.1) lib/rails/rack/logger.rb:20:in `block in call'
  activesupport (4.2.1) lib/active_support/tagged_logging.rb:68:in `block in tagged'
  activesupport (4.2.1) lib/active_support/tagged_logging.rb:26:in `tagged'
  activesupport (4.2.1) lib/active_support/tagged_logging.rb:68:in `tagged'
  railties (4.2.1) lib/rails/rack/logger.rb:20:in `call'
  quiet_assets (1.1.0) lib/quiet_assets.rb:27:in `call_with_quiet_assets'
  request_store (1.1.0) lib/request_store/middleware.rb:8:in `call'
  actionpack (4.2.1) lib/action_dispatch/middleware/request_id.rb:21:in `call'
  rack (1.6.1) lib/rack/methodoverride.rb:22:in `call'
  rack (1.6.1) lib/rack/runtime.rb:18:in `call'
  activesupport (4.2.1) lib/active_support/cache/strategy/local_cache_middleware.rb:28:in `call'
  rack (1.6.1) lib/rack/lock.rb:17:in `call'
  actionpack (4.2.1) lib/action_dispatch/middleware/static.rb:113:in `call'
  rack (1.6.1) lib/rack/sendfile.rb:113:in `call'
  railties (4.2.1) lib/rails/engine.rb:518:in `call'
  railties (4.2.1) lib/rails/application.rb:164:in `call'
  rack (1.6.1) lib/rack/content_length.rb:15:in `call'
  puma (2.11.3) lib/puma/server.rb:507:in `handle_request'
  puma (2.11.3) lib/puma/server.rb:375:in `process_client'
  puma (2.11.3) lib/puma/server.rb:262:in `block in run'
  puma (2.11.3) lib/puma/thread_pool.rb:104:in `call'
  puma (2.11.3) lib/puma/thread_pool.rb:104:in `block in spawn_thread'


  Rendered /home/marcin/.rbenv/versions/2.2.0/lib/ruby/gems/2.2.0/gems/actionpack-4.2.1/lib/action_dispatch/middleware/templates/rescues/_trace.html.erb (1.3ms)
  Rendered /home/marcin/.rbenv/versions/2.2.0/lib/ruby/gems/2.2.0/gems/actionpack-4.2.1/lib/action_dispatch/middleware/templates/routes/_route.html.erb (1.1ms)
  Rendered /home/marcin/.rbenv/versions/2.2.0/lib/ruby/gems/2.2.0/gems/actionpack-4.2.1/lib/action_dispatch/middleware/templates/routes/_table.html.erb (1.3ms)
  Rendered /home/marcin/.rbenv/versions/2.2.0/lib/ruby/gems/2.2.0/gems/actionpack-4.2.1/lib/action_dispatch/middleware/templates/rescues/_request_and_response.html.erb (0.9ms)
  Rendered /home/marcin/.rbenv/versions/2.2.0/lib/ruby/gems/2.2.0/gems/actionpack-4.2.1/lib/action_dispatch/middleware/templates/rescues/routing_error.html.erb within rescues/layout (23.6ms)
  Rendered /home/marcin/.rbenv/versions/2.2.0/lib/ruby/gems/2.2.0/gems/web-console-2.1.2/lib/web_console/templates/_markup.html.erb (0.3ms)
  Rendered /home/marcin/.rbenv/versions/2.2.0/lib/ruby/gems/2.2.0/gems/web-console-2.1.2/lib/web_console/templates/style.css.erb within layouts/inlined_string (0.2ms)
  Rendered /home/marcin/.rbenv/versions/2.2.0/lib/ruby/gems/2.2.0/gems/web-console-2.1.2/lib/web_console/templates/_inner_console_markup.html.erb within layouts/inlined_string (0.3ms)
  Rendered /home/marcin/.rbenv/versions/2.2.0/lib/ruby/gems/2.2.0/gems/web-console-2.1.2/lib/web_console/templates/_prompt_box_markup.html.erb within layouts/inlined_string (0.3ms)
  Rendered /home/marcin/.rbenv/versions/2.2.0/lib/ruby/gems/2.2.0/gems/web-console-2.1.2/lib/web_console/templates/console.js.erb within layouts/javascript (15.0ms)
  Rendered /home/marcin/.rbenv/versions/2.2.0/lib/ruby/gems/2.2.0/gems/web-console-2.1.2/lib/web_console/templates/main.js.erb within layouts/javascript (0.2ms)
  Rendered /home/marcin/.rbenv/versions/2.2.0/lib/ruby/gems/2.2.0/gems/web-console-2.1.2/lib/web_console/templates/error_page.js.erb within layouts/javascript (0.3ms)
  Rendered /home/marcin/.rbenv/versions/2.2.0/lib/ruby/gems/2.2.0/gems/web-console-2.1.2/lib/web_console/templates/index.html.erb (30.0ms)


Started GET "/students" for 127.0.0.1 at 2015-08-17 16:47:50 +0200
Processing by StudentsController#index as HTML
  Rendered students/index.html.haml within layouts/application (11.9ms)
Completed 500 Internal Server Error in 14ms (ActiveRecord: 0.0ms)

NameError - undefined local variable or method `students' for #<#<Class:0x007fc870c9c558>:0x007fc872177f40>:
  app/views/students/index.html.haml:9:in `_app_views_students_index_html_haml__4205028815047395859_70249799322300'
  actionview (4.2.1) lib/action_view/template.rb:145:in `block in render'
  activesupport (4.2.1) lib/active_support/notifications.rb:166:in `instrument'
  actionview (4.2.1) lib/action_view/template.rb:333:in `instrument'
  actionview (4.2.1) lib/action_view/template.rb:143:in `render'
  actionview (4.2.1) lib/action_view/renderer/template_renderer.rb:54:in `block (2 levels) in render_template'
  actionview (4.2.1) lib/action_view/renderer/abstract_renderer.rb:39:in `block in instrument'
  activesupport (4.2.1) lib/active_support/notifications.rb:164:in `block in instrument'
  activesupport (4.2.1) lib/active_support/notifications/instrumenter.rb:20:in `instrument'
  activesupport (4.2.1) lib/active_support/notifications.rb:164:in `instrument'
  actionview (4.2.1) lib/action_view/renderer/abstract_renderer.rb:39:in `instrument'
  actionview (4.2.1) lib/action_view/renderer/template_renderer.rb:53:in `block in render_template'
  actionview (4.2.1) lib/action_view/renderer/template_renderer.rb:61:in `render_with_layout'
  actionview (4.2.1) lib/action_view/renderer/template_renderer.rb:52:in `render_template'
  actionview (4.2.1) lib/action_view/renderer/template_renderer.rb:14:in `render'
  actionview (4.2.1) lib/action_view/renderer/renderer.rb:42:in `render_template'
  actionview (4.2.1) lib/action_view/renderer/renderer.rb:23:in `render'
  actionview (4.2.1) lib/action_view/rendering.rb:100:in `_render_template'
  actionpack (4.2.1) lib/action_controller/metal/streaming.rb:217:in `_render_template'
  actionview (4.2.1) lib/action_view/rendering.rb:83:in `render_to_body'
  actionpack (4.2.1) lib/action_controller/metal/rendering.rb:32:in `render_to_body'
  actionpack (4.2.1) lib/action_controller/metal/renderers.rb:37:in `render_to_body'
  actionpack (4.2.1) lib/abstract_controller/rendering.rb:25:in `render'
  actionpack (4.2.1) lib/action_controller/metal/rendering.rb:16:in `render'
  actionpack (4.2.1) lib/action_controller/metal/instrumentation.rb:44:in `block (2 levels) in render'
  activesupport (4.2.1) lib/active_support/core_ext/benchmark.rb:12:in `block in ms'
  /home/marcin/.rbenv/versions/2.2.0/lib/ruby/2.2.0/benchmark.rb:303:in `realtime'
  activesupport (4.2.1) lib/active_support/core_ext/benchmark.rb:12:in `ms'
  actionpack (4.2.1) lib/action_controller/metal/instrumentation.rb:44:in `block in render'
  actionpack (4.2.1) lib/action_controller/metal/instrumentation.rb:87:in `cleanup_view_runtime'
  activerecord (4.2.1) lib/active_record/railties/controller_runtime.rb:25:in `cleanup_view_runtime'
  actionpack (4.2.1) lib/action_controller/metal/instrumentation.rb:43:in `render'
  actionpack (4.2.1) lib/action_controller/metal/implicit_render.rb:10:in `default_render'
  actionpack (4.2.1) lib/action_controller/metal/implicit_render.rb:4:in `send_action'
  actionpack (4.2.1) lib/abstract_controller/base.rb:198:in `process_action'
  actionpack (4.2.1) lib/action_controller/metal/rendering.rb:10:in `process_action'
  actionpack (4.2.1) lib/abstract_controller/callbacks.rb:20:in `block in process_action'
  activesupport (4.2.1) lib/active_support/callbacks.rb:117:in `call'
  activesupport (4.2.1) lib/active_support/callbacks.rb:555:in `block (2 levels) in compile'
  activesupport (4.2.1) lib/active_support/callbacks.rb:505:in `call'
  activesupport (4.2.1) lib/active_support/callbacks.rb:92:in `_run_callbacks'
  activesupport (4.2.1) lib/active_support/callbacks.rb:776:in `_run_process_action_callbacks'
  activesupport (4.2.1) lib/active_support/callbacks.rb:81:in `run_callbacks'
  actionpack (4.2.1) lib/abstract_controller/callbacks.rb:19:in `process_action'
  actionpack (4.2.1) lib/action_controller/metal/rescue.rb:29:in `process_action'
  actionpack (4.2.1) lib/action_controller/metal/instrumentation.rb:32:in `block in process_action'
  activesupport (4.2.1) lib/active_support/notifications.rb:164:in `block in instrument'
  activesupport (4.2.1) lib/active_support/notifications/instrumenter.rb:20:in `instrument'
  activesupport (4.2.1) lib/active_support/notifications.rb:164:in `instrument'
  actionpack (4.2.1) lib/action_controller/metal/instrumentation.rb:30:in `process_action'
  actionpack (4.2.1) lib/action_controller/metal/params_wrapper.rb:250:in `process_action'
  activerecord (4.2.1) lib/active_record/railties/controller_runtime.rb:18:in `process_action'
  actionpack (4.2.1) lib/abstract_controller/base.rb:137:in `process'
  actionview (4.2.1) lib/action_view/rendering.rb:30:in `process'
  actionpack (4.2.1) lib/action_controller/metal.rb:196:in `dispatch'
  actionpack (4.2.1) lib/action_controller/metal/rack_delegation.rb:13:in `dispatch'
  actionpack (4.2.1) lib/action_controller/metal.rb:237:in `block in action'
  actionpack (4.2.1) lib/action_dispatch/routing/route_set.rb:74:in `dispatch'
  actionpack (4.2.1) lib/action_dispatch/routing/route_set.rb:43:in `serve'
  actionpack (4.2.1) lib/action_dispatch/journey/router.rb:43:in `block in serve'
  actionpack (4.2.1) lib/action_dispatch/journey/router.rb:30:in `serve'
  actionpack (4.2.1) lib/action_dispatch/routing/route_set.rb:819:in `call'
  warden (1.2.3) lib/warden/manager.rb:35:in `block in call'
  warden (1.2.3) lib/warden/manager.rb:34:in `call'
  rack (1.6.1) lib/rack/etag.rb:24:in `call'
  rack (1.6.1) lib/rack/conditionalget.rb:25:in `call'
  rack (1.6.1) lib/rack/head.rb:13:in `call'
  actionpack (4.2.1) lib/action_dispatch/middleware/params_parser.rb:27:in `call'
  actionpack (4.2.1) lib/action_dispatch/middleware/flash.rb:260:in `call'
  rack (1.6.1) lib/rack/session/abstract/id.rb:225:in `context'
  rack (1.6.1) lib/rack/session/abstract/id.rb:220:in `call'
  actionpack (4.2.1) lib/action_dispatch/middleware/cookies.rb:560:in `call'
  activerecord (4.2.1) lib/active_record/query_cache.rb:36:in `call'
  activerecord (4.2.1) lib/active_record/connection_adapters/abstract/connection_pool.rb:649:in `call'
  activerecord (4.2.1) lib/active_record/migration.rb:378:in `call'
  actionpack (4.2.1) lib/action_dispatch/middleware/callbacks.rb:29:in `block in call'
  activesupport (4.2.1) lib/active_support/callbacks.rb:88:in `_run_callbacks'
  activesupport (4.2.1) lib/active_support/callbacks.rb:776:in `_run_call_callbacks'
  activesupport (4.2.1) lib/active_support/callbacks.rb:81:in `run_callbacks'
  actionpack (4.2.1) lib/action_dispatch/middleware/callbacks.rb:27:in `call'
  actionpack (4.2.1) lib/action_dispatch/middleware/reloader.rb:73:in `call'
  actionpack (4.2.1) lib/action_dispatch/middleware/remote_ip.rb:78:in `call'
  better_errors (2.1.1) lib/better_errors/middleware.rb:84:in `protected_app_call'
  better_errors (2.1.1) lib/better_errors/middleware.rb:79:in `better_errors_call'
  better_errors (2.1.1) lib/better_errors/middleware.rb:57:in `call'
  actionpack (4.2.1) lib/action_dispatch/middleware/debug_exceptions.rb:17:in `call'
  web-console (2.1.2) lib/web_console/middleware.rb:37:in `call'
  actionpack (4.2.1) lib/action_dispatch/middleware/show_exceptions.rb:30:in `call'
  railties (4.2.1) lib/rails/rack/logger.rb:38:in `call_app'
  railties (4.2.1) lib/rails/rack/logger.rb:20:in `block in call'
  activesupport (4.2.1) lib/active_support/tagged_logging.rb:68:in `block in tagged'
  activesupport (4.2.1) lib/active_support/tagged_logging.rb:26:in `tagged'
  activesupport (4.2.1) lib/active_support/tagged_logging.rb:68:in `tagged'
  railties (4.2.1) lib/rails/rack/logger.rb:20:in `call'
  quiet_assets (1.1.0) lib/quiet_assets.rb:27:in `call_with_quiet_assets'
  request_store (1.1.0) lib/request_store/middleware.rb:8:in `call'
  actionpack (4.2.1) lib/action_dispatch/middleware/request_id.rb:21:in `call'
  rack (1.6.1) lib/rack/methodoverride.rb:22:in `call'
  rack (1.6.1) lib/rack/runtime.rb:18:in `call'
  activesupport (4.2.1) lib/active_support/cache/strategy/local_cache_middleware.rb:28:in `call'
  rack (1.6.1) lib/rack/lock.rb:17:in `call'
  actionpack (4.2.1) lib/action_dispatch/middleware/static.rb:113:in `call'
  rack (1.6.1) lib/rack/sendfile.rb:113:in `call'
  railties (4.2.1) lib/rails/engine.rb:518:in `call'
  railties (4.2.1) lib/rails/application.rb:164:in `call'
  rack (1.6.1) lib/rack/content_length.rb:15:in `call'
  puma (2.11.3) lib/puma/server.rb:507:in `handle_request'
  puma (2.11.3) lib/puma/server.rb:375:in `process_client'
  puma (2.11.3) lib/puma/server.rb:262:in `block in run'
  puma (2.11.3) lib/puma/thread_pool.rb:104:in `block in spawn_thread'



Started POST "/__better_errors/4306a909aabea006/variables" for 127.0.0.1 at 2015-08-17 16:47:51 +0200


Started POST "/__better_errors/4306a909aabea006/variables" for 127.0.0.1 at 2015-08-17 16:48:50 +0200


Started GET "/students" for 127.0.0.1 at 2015-08-17 16:50:21 +0200
Processing by StudentsController#index as HTML
  [1m[36mStudent Load (0.5ms)[0m  [1mSELECT "students".* FROM "students"[0m
  Rendered collection (0.0ms)
  Rendered students/index.html.haml within layouts/application (28.9ms)
  Rendered layouts/_navigation.html.haml (12.5ms)
Completed 500 Internal Server Error in 4164ms (ActiveRecord: 2.5ms)

NameError - undefined local variable or method `root_path' for #<#<Class:0x007fc870c11048>:0x007fc870c10648>:
  app/views/layouts/_navigation.html.haml:9:in `_app_views_layouts__navigation_html_haml___813740928122642561_70249469031540'
  actionview (4.2.1) lib/action_view/template.rb:145:in `block in render'
  activesupport (4.2.1) lib/active_support/notifications.rb:166:in `instrument'
  actionview (4.2.1) lib/action_view/template.rb:333:in `instrument'
  actionview (4.2.1) lib/action_view/template.rb:143:in `render'
  actionview (4.2.1) lib/action_view/renderer/partial_renderer.rb:339:in `render_partial'
  actionview (4.2.1) lib/action_view/renderer/partial_renderer.rb:310:in `block in render'
  actionview (4.2.1) lib/action_view/renderer/abstract_renderer.rb:39:in `block in instrument'
  activesupport (4.2.1) lib/active_support/notifications.rb:164:in `block in instrument'
  activesupport (4.2.1) lib/active_support/notifications/instrumenter.rb:20:in `instrument'
  activesupport (4.2.1) lib/active_support/notifications.rb:164:in `instrument'
  actionview (4.2.1) lib/action_view/renderer/abstract_renderer.rb:39:in `instrument'
  actionview (4.2.1) lib/action_view/renderer/partial_renderer.rb:309:in `render'
  actionview (4.2.1) lib/action_view/renderer/renderer.rb:47:in `render_partial'
  actionview (4.2.1) lib/action_view/helpers/rendering_helper.rb:35:in `render'
  haml (4.0.6) lib/haml/helpers/action_view_mods.rb:10:in `block in render_with_haml'
  haml (4.0.6) lib/haml/helpers.rb:89:in `non_haml'
  haml (4.0.6) lib/haml/helpers/action_view_mods.rb:10:in `render_with_haml'
  app/views/layouts/application.html.haml:12:in `_app_views_layouts_application_html_haml__3939148216847247409_70249431264560'
  actionview (4.2.1) lib/action_view/template.rb:145:in `block in render'
  activesupport (4.2.1) lib/active_support/notifications.rb:166:in `instrument'
  actionview (4.2.1) lib/action_view/template.rb:333:in `instrument'
  actionview (4.2.1) lib/action_view/template.rb:143:in `render'
  actionview (4.2.1) lib/action_view/renderer/template_renderer.rb:66:in `render_with_layout'
  actionview (4.2.1) lib/action_view/renderer/template_renderer.rb:52:in `render_template'
  actionview (4.2.1) lib/action_view/renderer/template_renderer.rb:14:in `render'
  actionview (4.2.1) lib/action_view/renderer/renderer.rb:42:in `render_template'
  actionview (4.2.1) lib/action_view/renderer/renderer.rb:23:in `render'
  actionview (4.2.1) lib/action_view/rendering.rb:100:in `_render_template'
  actionpack (4.2.1) lib/action_controller/metal/streaming.rb:217:in `_render_template'
  actionview (4.2.1) lib/action_view/rendering.rb:83:in `render_to_body'
  actionpack (4.2.1) lib/action_controller/metal/rendering.rb:32:in `render_to_body'
  actionpack (4.2.1) lib/action_controller/metal/renderers.rb:37:in `render_to_body'
  actionpack (4.2.1) lib/abstract_controller/rendering.rb:25:in `render'
  actionpack (4.2.1) lib/action_controller/metal/rendering.rb:16:in `render'
  actionpack (4.2.1) lib/action_controller/metal/instrumentation.rb:44:in `block (2 levels) in render'
  activesupport (4.2.1) lib/active_support/core_ext/benchmark.rb:12:in `block in ms'
  /home/marcin/.rbenv/versions/2.2.0/lib/ruby/2.2.0/benchmark.rb:303:in `realtime'
  activesupport (4.2.1) lib/active_support/core_ext/benchmark.rb:12:in `ms'
  actionpack (4.2.1) lib/action_controller/metal/instrumentation.rb:44:in `block in render'
  actionpack (4.2.1) lib/action_controller/metal/instrumentation.rb:87:in `cleanup_view_runtime'
  activerecord (4.2.1) lib/active_record/railties/controller_runtime.rb:25:in `cleanup_view_runtime'
  actionpack (4.2.1) lib/action_controller/metal/instrumentation.rb:43:in `render'
  actionpack (4.2.1) lib/action_controller/metal/implicit_render.rb:10:in `default_render'
  actionpack (4.2.1) lib/action_controller/metal/implicit_render.rb:4:in `send_action'
  actionpack (4.2.1) lib/abstract_controller/base.rb:198:in `process_action'
  actionpack (4.2.1) lib/action_controller/metal/rendering.rb:10:in `process_action'
  actionpack (4.2.1) lib/abstract_controller/callbacks.rb:20:in `block in process_action'
  activesupport (4.2.1) lib/active_support/callbacks.rb:117:in `call'
  activesupport (4.2.1) lib/active_support/callbacks.rb:555:in `block (2 levels) in compile'
  activesupport (4.2.1) lib/active_support/callbacks.rb:505:in `call'
  activesupport (4.2.1) lib/active_support/callbacks.rb:92:in `_run_callbacks'
  activesupport (4.2.1) lib/active_support/callbacks.rb:776:in `_run_process_action_callbacks'
  activesupport (4.2.1) lib/active_support/callbacks.rb:81:in `run_callbacks'
  actionpack (4.2.1) lib/abstract_controller/callbacks.rb:19:in `process_action'
  actionpack (4.2.1) lib/action_controller/metal/rescue.rb:29:in `process_action'
  actionpack (4.2.1) lib/action_controller/metal/instrumentation.rb:32:in `block in process_action'
  activesupport (4.2.1) lib/active_support/notifications.rb:164:in `block in instrument'
  activesupport (4.2.1) lib/active_support/notifications/instrumenter.rb:20:in `instrument'
  activesupport (4.2.1) lib/active_support/notifications.rb:164:in `instrument'
  actionpack (4.2.1) lib/action_controller/metal/instrumentation.rb:30:in `process_action'
  actionpack (4.2.1) lib/action_controller/metal/params_wrapper.rb:250:in `process_action'
  activerecord (4.2.1) lib/active_record/railties/controller_runtime.rb:18:in `process_action'
  actionpack (4.2.1) lib/abstract_controller/base.rb:137:in `process'
  actionview (4.2.1) lib/action_view/rendering.rb:30:in `process'
  actionpack (4.2.1) lib/action_controller/metal.rb:196:in `dispatch'
  actionpack (4.2.1) lib/action_controller/metal/rack_delegation.rb:13:in `dispatch'
  actionpack (4.2.1) lib/action_controller/metal.rb:237:in `block in action'
  actionpack (4.2.1) lib/action_dispatch/routing/route_set.rb:74:in `dispatch'
  actionpack (4.2.1) lib/action_dispatch/routing/route_set.rb:43:in `serve'
  actionpack (4.2.1) lib/action_dispatch/journey/router.rb:43:in `block in serve'
  actionpack (4.2.1) lib/action_dispatch/journey/router.rb:30:in `serve'
  actionpack (4.2.1) lib/action_dispatch/routing/route_set.rb:819:in `call'
  warden (1.2.3) lib/warden/manager.rb:35:in `block in call'
  warden (1.2.3) lib/warden/manager.rb:34:in `call'
  rack (1.6.1) lib/rack/etag.rb:24:in `call'
  rack (1.6.1) lib/rack/conditionalget.rb:25:in `call'
  rack (1.6.1) lib/rack/head.rb:13:in `call'
  actionpack (4.2.1) lib/action_dispatch/middleware/params_parser.rb:27:in `call'
  actionpack (4.2.1) lib/action_dispatch/middleware/flash.rb:260:in `call'
  rack (1.6.1) lib/rack/session/abstract/id.rb:225:in `context'
  rack (1.6.1) lib/rack/session/abstract/id.rb:220:in `call'
  actionpack (4.2.1) lib/action_dispatch/middleware/cookies.rb:560:in `call'
  activerecord (4.2.1) lib/active_record/query_cache.rb:36:in `call'
  activerecord (4.2.1) lib/active_record/connection_adapters/abstract/connection_pool.rb:649:in `call'
  activerecord (4.2.1) lib/active_record/migration.rb:378:in `call'
  actionpack (4.2.1) lib/action_dispatch/middleware/callbacks.rb:29:in `block in call'
  activesupport (4.2.1) lib/active_support/callbacks.rb:88:in `_run_callbacks'
  activesupport (4.2.1) lib/active_support/callbacks.rb:776:in `_run_call_callbacks'
  activesupport (4.2.1) lib/active_support/callbacks.rb:81:in `run_callbacks'
  actionpack (4.2.1) lib/action_dispatch/middleware/callbacks.rb:27:in `call'
  actionpack (4.2.1) lib/action_dispatch/middleware/reloader.rb:73:in `call'
  actionpack (4.2.1) lib/action_dispatch/middleware/remote_ip.rb:78:in `call'
  better_errors (2.1.1) lib/better_errors/middleware.rb:84:in `protected_app_call'
  better_errors (2.1.1) lib/better_errors/middleware.rb:79:in `better_errors_call'
  better_errors (2.1.1) lib/better_errors/middleware.rb:57:in `call'
  actionpack (4.2.1) lib/action_dispatch/middleware/debug_exceptions.rb:17:in `call'
  web-console (2.1.2) lib/web_console/middleware.rb:37:in `call'
  actionpack (4.2.1) lib/action_dispatch/middleware/show_exceptions.rb:30:in `call'
  railties (4.2.1) lib/rails/rack/logger.rb:38:in `call_app'
  railties (4.2.1) lib/rails/rack/logger.rb:20:in `block in call'
  activesupport (4.2.1) lib/active_support/tagged_logging.rb:68:in `block in tagged'
  activesupport (4.2.1) lib/active_support/tagged_logging.rb:26:in `tagged'
  activesupport (4.2.1) lib/active_support/tagged_logging.rb:68:in `tagged'
  railties (4.2.1) lib/rails/rack/logger.rb:20:in `call'
  quiet_assets (1.1.0) lib/quiet_assets.rb:27:in `call_with_quiet_assets'
  request_store (1.1.0) lib/request_store/middleware.rb:8:in `call'
  actionpack (4.2.1) lib/action_dispatch/middleware/request_id.rb:21:in `call'
  rack (1.6.1) lib/rack/methodoverride.rb:22:in `call'
  rack (1.6.1) lib/rack/runtime.rb:18:in `call'
  activesupport (4.2.1) lib/active_support/cache/strategy/local_cache_middleware.rb:28:in `call'
  rack (1.6.1) lib/rack/lock.rb:17:in `call'
  actionpack (4.2.1) lib/action_dispatch/middleware/static.rb:113:in `call'
  rack (1.6.1) lib/rack/sendfile.rb:113:in `call'
  railties (4.2.1) lib/rails/engine.rb:518:in `call'
  railties (4.2.1) lib/rails/application.rb:164:in `call'
  rack (1.6.1) lib/rack/content_length.rb:15:in `call'
  puma (2.11.3) lib/puma/server.rb:507:in `handle_request'
  puma (2.11.3) lib/puma/server.rb:375:in `process_client'
  puma (2.11.3) lib/puma/server.rb:262:in `block in run'
  puma (2.11.3) lib/puma/thread_pool.rb:104:in `block in spawn_thread'



Started POST "/__better_errors/4c074682eee4e491/variables" for 127.0.0.1 at 2015-08-17 16:50:26 +0200
  [1m[36mActiveRecord::SchemaMigration Load (0.5ms)[0m  [1mSELECT "schema_migrations".* FROM "schema_migrations"[0m
Migrating to AddDeviseToUsers (20150817145214)
  [1m[35m (0.3ms)[0m  BEGIN
  [1m[36m (1.1ms)[0m  [1mALTER TABLE "users" ADD "email" character varying DEFAULT '' NOT NULL[0m
PG::DuplicateColumn: ERROR:  column "email" of relation "users" already exists
: ALTER TABLE "users" ADD "email" character varying DEFAULT '' NOT NULL
  [1m[35m (0.2ms)[0m  ROLLBACK
  [1m[36m (5009.5ms)[0m  [1mDROP DATABASE IF EXISTS "workshops_development"[0m
PG::ObjectInUse: ERROR:  database "workshops_development" is being accessed by other users
DETAIL:  There is 1 other session using the database.
: DROP DATABASE IF EXISTS "workshops_development"
  [1m[35m (1.2ms)[0m  CREATE DATABASE "workshops_development" ENCODING = 'unicode'
PG::DuplicateDatabase: ERROR:  database "workshops_development" already exists
: CREATE DATABASE "workshops_development" ENCODING = 'unicode'
  [1m[36mSQL (0.3ms)[0m  [1mCREATE EXTENSION IF NOT EXISTS "plpgsql"[0m
  [1m[35m (16.1ms)[0m  DROP TABLE "participations" CASCADE
  [1m[36m (41.7ms)[0m  [1mCREATE TABLE "participations" ("id" serial primary key, "student_id" integer, "subject_item_id" integer, "created_at" timestamp NOT NULL, "updated_at" timestamp NOT NULL) [0m
  [1m[35m (37.7ms)[0m  CREATE  INDEX  "index_participations_on_student_id" ON "participations" USING btree ("student_id")
  [1m[36m (38.0ms)[0m  [1mCREATE  INDEX  "index_participations_on_subject_item_id" ON "participations" USING btree ("subject_item_id")[0m
  [1m[35m (7.2ms)[0m  DROP TABLE "students" CASCADE
  [1m[36m (91.0ms)[0m  [1mCREATE TABLE "students" ("id" serial primary key, "first_name" character varying, "last_name" character varying, "created_at" timestamp NOT NULL, "updated_at" timestamp NOT NULL) [0m
  [1m[35m (7.0ms)[0m  DROP TABLE "subject_item_notes" CASCADE
  [1m[36m (48.7ms)[0m  [1mCREATE TABLE "subject_item_notes" ("id" serial primary key, "value" integer, "subject_item_id" integer, "created_at" timestamp NOT NULL, "updated_at" timestamp NOT NULL, "student_id" integer) [0m
  [1m[35m (46.2ms)[0m  CREATE  INDEX  "index_subject_item_notes_on_subject_item_id" ON "subject_item_notes" USING btree ("subject_item_id")
  [1m[36m (45.9ms)[0m  [1mCREATE  INDEX  "index_subject_item_notes_on_student_id" ON "subject_item_notes" USING btree ("student_id")[0m
  [1m[35m (7.2ms)[0m  DROP TABLE "subject_items" CASCADE
  [1m[36m (82.5ms)[0m  [1mCREATE TABLE "subject_items" ("id" serial primary key, "title" character varying, "created_at" timestamp NOT NULL, "updated_at" timestamp NOT NULL, "teacher_id" integer, "student_id" integer) [0m
  [1m[35m (45.7ms)[0m  CREATE  INDEX  "index_subject_items_on_teacher_id" ON "subject_items" USING btree ("teacher_id")
  [1m[36m (46.5ms)[0m  [1mCREATE  INDEX  "index_subject_items_on_student_id" ON "subject_items" USING btree ("student_id")[0m
  [1m[35m (6.7ms)[0m  DROP TABLE "teachers" CASCADE
  [1m[36m (107.5ms)[0m  [1mCREATE TABLE "teachers" ("id" serial primary key, "first_name" character varying, "last_name" character varying, "academic_title" character varying, "created_at" timestamp NOT NULL, "updated_at" timestamp NOT NULL) [0m
  [1m[35m (7.0ms)[0m  DROP TABLE "users" CASCADE
  [1m[36m (75.7ms)[0m  [1mCREATE TABLE "users" ("id" serial primary key, "email" character varying DEFAULT '' NOT NULL, "encrypted_password" character varying DEFAULT '' NOT NULL, "reset_password_token" character varying, "reset_password_sent_at" timestamp, "remember_created_at" timestamp, "sign_in_count" integer DEFAULT 0 NOT NULL, "current_sign_in_at" timestamp, "last_sign_in_at" timestamp, "current_sign_in_ip" inet, "last_sign_in_ip" inet, "created_at" timestamp NOT NULL, "updated_at" timestamp NOT NULL) [0m
  [1m[35m (37.9ms)[0m  CREATE UNIQUE INDEX  "index_users_on_email" ON "users" USING btree ("email")
  [1m[36m (38.0ms)[0m  [1mCREATE UNIQUE INDEX  "index_users_on_reset_password_token" ON "users" USING btree ("reset_password_token")[0m
  [1m[35m (7.3ms)[0m  ALTER TABLE "participations" ADD CONSTRAINT "fk_rails_185ff5bee8"
FOREIGN KEY ("student_id")
  REFERENCES "students" ("id")

  [1m[36m (7.6ms)[0m  [1mALTER TABLE "participations" ADD CONSTRAINT "fk_rails_76267974c1"
FOREIGN KEY ("subject_item_id")
  REFERENCES "subject_items" ("id")
[0m
  [1m[35m (7.4ms)[0m  ALTER TABLE "subject_item_notes" ADD CONSTRAINT "fk_rails_058a0d7ccf"
FOREIGN KEY ("subject_item_id")
  REFERENCES "subject_items" ("id")

  [1m[36m (7.5ms)[0m  [1mALTER TABLE "subject_item_notes" ADD CONSTRAINT "fk_rails_e00788d7e2"
FOREIGN KEY ("student_id")
  REFERENCES "students" ("id")
[0m
  [1m[35m (7.5ms)[0m  ALTER TABLE "subject_items" ADD CONSTRAINT "fk_rails_f14980cba6"
FOREIGN KEY ("teacher_id")
  REFERENCES "teachers" ("id")

  [1m[36m (7.5ms)[0m  [1mALTER TABLE "subject_items" ADD CONSTRAINT "fk_rails_c0133ef62c"
FOREIGN KEY ("student_id")
  REFERENCES "students" ("id")
[0m
  [1m[35m (0.6ms)[0m  SELECT version FROM "schema_migrations"
  [1m[36mActiveRecord::SchemaMigration Load (0.7ms)[0m  [1mSELECT "schema_migrations".* FROM "schema_migrations"[0m
  [1m[36mActiveRecord::SchemaMigration Load (0.4ms)[0m  [1mSELECT "schema_migrations".* FROM "schema_migrations"[0m
Migrating to AddDeviseToUsers (20150817145214)
  [1m[35m (0.2ms)[0m  BEGIN
  [1m[36m (1.2ms)[0m  [1mALTER TABLE "users" ADD "email" character varying DEFAULT '' NOT NULL[0m
PG::DuplicateColumn: ERROR:  column "email" of relation "users" already exists
: ALTER TABLE "users" ADD "email" character varying DEFAULT '' NOT NULL
  [1m[35m (0.2ms)[0m  ROLLBACK
  [1m[36m (5009.1ms)[0m  [1mDROP DATABASE IF EXISTS "workshops_development"[0m
PG::ObjectInUse: ERROR:  database "workshops_development" is being accessed by other users
DETAIL:  There is 1 other session using the database.
: DROP DATABASE IF EXISTS "workshops_development"
  [1m[36m (669.9ms)[0m  [1mCREATE DATABASE "workshops_development" ENCODING = 'unicode'[0m
  [1m[36m (50.1ms)[0m  [1mCREATE TABLE "schema_migrations" ("version" character varying NOT NULL) [0m
  [1m[35m (46.9ms)[0m  CREATE UNIQUE INDEX  "unique_schema_migrations" ON "schema_migrations"  ("version")
  [1m[36mActiveRecord::SchemaMigration Load (0.7ms)[0m  [1mSELECT "schema_migrations".* FROM "schema_migrations"[0m
Migrating to AddDeviseToUsers (20150817145214)
  [1m[35m (0.4ms)[0m  BEGIN
  [1m[36m (1.5ms)[0m  [1mALTER TABLE "users" ADD "email" character varying DEFAULT '' NOT NULL[0m
PG::UndefinedTable: ERROR:  relation "users" does not exist
: ALTER TABLE "users" ADD "email" character varying DEFAULT '' NOT NULL
  [1m[35m (0.3ms)[0m  ROLLBACK
  [1m[36m (0.8ms)[0m  [1mCREATE DATABASE "workshops_development" ENCODING = 'unicode'[0m
PG::DuplicateDatabase: ERROR:  database "workshops_development" already exists
: CREATE DATABASE "workshops_development" ENCODING = 'unicode'
  [1m[35mSQL (0.4ms)[0m  CREATE EXTENSION IF NOT EXISTS "plpgsql"
  [1m[36m (48.7ms)[0m  [1mCREATE TABLE "participations" ("id" serial primary key, "student_id" integer, "subject_item_id" integer, "created_at" timestamp NOT NULL, "updated_at" timestamp NOT NULL) [0m
  [1m[35m (37.8ms)[0m  CREATE  INDEX  "index_participations_on_student_id" ON "participations" USING btree ("student_id")
  [1m[36m (38.6ms)[0m  [1mCREATE  INDEX  "index_participations_on_subject_item_id" ON "participations" USING btree ("subject_item_id")[0m
  [1m[35m (73.3ms)[0m  CREATE TABLE "students" ("id" serial primary key, "first_name" character varying, "last_name" character varying, "created_at" timestamp NOT NULL, "updated_at" timestamp NOT NULL) 
  [1m[36m (40.0ms)[0m  [1mCREATE TABLE "subject_item_notes" ("id" serial primary key, "value" integer, "subject_item_id" integer, "created_at" timestamp NOT NULL, "updated_at" timestamp NOT NULL, "student_id" integer) [0m
  [1m[35m (38.0ms)[0m  CREATE  INDEX  "index_subject_item_notes_on_subject_item_id" ON "subject_item_notes" USING btree ("subject_item_id")
  [1m[36m (38.6ms)[0m  [1mCREATE  INDEX  "index_subject_item_notes_on_student_id" ON "subject_item_notes" USING btree ("student_id")[0m
  [1m[35m (81.2ms)[0m  CREATE TABLE "subject_items" ("id" serial primary key, "title" character varying, "created_at" timestamp NOT NULL, "updated_at" timestamp NOT NULL, "teacher_id" integer, "student_id" integer) 
  [1m[36m (46.3ms)[0m  [1mCREATE  INDEX  "index_subject_items_on_teacher_id" ON "subject_items" USING btree ("teacher_id")[0m
  [1m[35m (46.1ms)[0m  CREATE  INDEX  "index_subject_items_on_student_id" ON "subject_items" USING btree ("student_id")
  [1m[36m (72.8ms)[0m  [1mCREATE TABLE "teachers" ("id" serial primary key, "first_name" character varying, "last_name" character varying, "academic_title" character varying, "created_at" timestamp NOT NULL, "updated_at" timestamp NOT NULL) [0m
  [1m[35m (83.2ms)[0m  CREATE TABLE "users" ("id" serial primary key, "email" character varying DEFAULT '' NOT NULL, "encrypted_password" character varying DEFAULT '' NOT NULL, "reset_password_token" character varying, "reset_password_sent_at" timestamp, "remember_created_at" timestamp, "sign_in_count" integer DEFAULT 0 NOT NULL, "current_sign_in_at" timestamp, "last_sign_in_at" timestamp, "current_sign_in_ip" inet, "last_sign_in_ip" inet, "created_at" timestamp NOT NULL, "updated_at" timestamp NOT NULL) 
  [1m[36m (53.7ms)[0m  [1mCREATE UNIQUE INDEX  "index_users_on_email" ON "users" USING btree ("email")[0m
  [1m[35m (37.2ms)[0m  CREATE UNIQUE INDEX  "index_users_on_reset_password_token" ON "users" USING btree ("reset_password_token")
  [1m[36m (7.3ms)[0m  [1mALTER TABLE "participations" ADD CONSTRAINT "fk_rails_185ff5bee8"
FOREIGN KEY ("student_id")
  REFERENCES "students" ("id")
[0m
  [1m[35m (7.2ms)[0m  ALTER TABLE "participations" ADD CONSTRAINT "fk_rails_76267974c1"
FOREIGN KEY ("subject_item_id")
  REFERENCES "subject_items" ("id")

  [1m[36m (7.6ms)[0m  [1mALTER TABLE "subject_item_notes" ADD CONSTRAINT "fk_rails_058a0d7ccf"
FOREIGN KEY ("subject_item_id")
  REFERENCES "subject_items" ("id")
[0m
  [1m[35m (7.7ms)[0m  ALTER TABLE "subject_item_notes" ADD CONSTRAINT "fk_rails_e00788d7e2"
FOREIGN KEY ("student_id")
  REFERENCES "students" ("id")

  [1m[36m (7.2ms)[0m  [1mALTER TABLE "subject_items" ADD CONSTRAINT "fk_rails_f14980cba6"
FOREIGN KEY ("teacher_id")
  REFERENCES "teachers" ("id")
[0m
  [1m[35m (7.5ms)[0m  ALTER TABLE "subject_items" ADD CONSTRAINT "fk_rails_c0133ef62c"
FOREIGN KEY ("student_id")
  REFERENCES "students" ("id")

  [1m[36m (0.5ms)[0m  [1mSELECT version FROM "schema_migrations"[0m
  [1m[35m (10.1ms)[0m  INSERT INTO "schema_migrations" (version) VALUES ('20150810192834')
  [1m[36mActiveRecord::SchemaMigration Load (0.5ms)[0m  [1mSELECT "schema_migrations".* FROM "schema_migrations"[0m
  [1m[36m (0.3ms)[0m  [1mDROP DATABASE IF EXISTS "workshops_test"[0m
  [1m[35m (1826.7ms)[0m  CREATE DATABASE "workshops_test" ENCODING = 'unicode'
  [1m[36mSQL (0.5ms)[0m  [1mCREATE EXTENSION IF NOT EXISTS "plpgsql"[0m
  [1m[35m (53.2ms)[0m  CREATE TABLE "participations" ("id" serial primary key, "student_id" integer, "subject_item_id" integer, "created_at" timestamp NOT NULL, "updated_at" timestamp NOT NULL) 
  [1m[36m (45.0ms)[0m  [1mCREATE  INDEX  "index_participations_on_student_id" ON "participations" USING btree ("student_id")[0m
  [1m[35m (45.9ms)[0m  CREATE  INDEX  "index_participations_on_subject_item_id" ON "participations" USING btree ("subject_item_id")
  [1m[36m (83.6ms)[0m  [1mCREATE TABLE "students" ("id" serial primary key, "first_name" character varying, "last_name" character varying, "created_at" timestamp NOT NULL, "updated_at" timestamp NOT NULL) [0m
  [1m[35m (48.4ms)[0m  CREATE TABLE "subject_item_notes" ("id" serial primary key, "value" integer, "subject_item_id" integer, "created_at" timestamp NOT NULL, "updated_at" timestamp NOT NULL, "student_id" integer) 
  [1m[36m (45.6ms)[0m  [1mCREATE  INDEX  "index_subject_item_notes_on_subject_item_id" ON "subject_item_notes" USING btree ("subject_item_id")[0m
  [1m[35m (46.9ms)[0m  CREATE  INDEX  "index_subject_item_notes_on_student_id" ON "subject_item_notes" USING btree ("student_id")
  [1m[36m (81.0ms)[0m  [1mCREATE TABLE "subject_items" ("id" serial primary key, "title" character varying, "created_at" timestamp NOT NULL, "updated_at" timestamp NOT NULL, "teacher_id" integer, "student_id" integer) [0m
  [1m[35m (46.8ms)[0m  CREATE  INDEX  "index_subject_items_on_teacher_id" ON "subject_items" USING btree ("teacher_id")
  [1m[36m (45.5ms)[0m  [1mCREATE  INDEX  "index_subject_items_on_student_id" ON "subject_items" USING btree ("student_id")[0m
  [1m[35m (80.8ms)[0m  CREATE TABLE "teachers" ("id" serial primary key, "first_name" character varying, "last_name" character varying, "academic_title" character varying, "created_at" timestamp NOT NULL, "updated_at" timestamp NOT NULL) 
  [1m[36m (82.1ms)[0m  [1mCREATE TABLE "users" ("id" serial primary key, "email" character varying DEFAULT '' NOT NULL, "encrypted_password" character varying DEFAULT '' NOT NULL, "reset_password_token" character varying, "reset_password_sent_at" timestamp, "remember_created_at" timestamp, "sign_in_count" integer DEFAULT 0 NOT NULL, "current_sign_in_at" timestamp, "last_sign_in_at" timestamp, "current_sign_in_ip" inet, "last_sign_in_ip" inet, "created_at" timestamp NOT NULL, "updated_at" timestamp NOT NULL) [0m
  [1m[35m (37.9ms)[0m  CREATE UNIQUE INDEX  "index_users_on_email" ON "users" USING btree ("email")
  [1m[36m (46.6ms)[0m  [1mCREATE UNIQUE INDEX  "index_users_on_reset_password_token" ON "users" USING btree ("reset_password_token")[0m
  [1m[35m (7.5ms)[0m  ALTER TABLE "participations" ADD CONSTRAINT "fk_rails_185ff5bee8"
FOREIGN KEY ("student_id")
  REFERENCES "students" ("id")

  [1m[36m (7.3ms)[0m  [1mALTER TABLE "participations" ADD CONSTRAINT "fk_rails_76267974c1"
FOREIGN KEY ("subject_item_id")
  REFERENCES "subject_items" ("id")
[0m
  [1m[35m (7.6ms)[0m  ALTER TABLE "subject_item_notes" ADD CONSTRAINT "fk_rails_058a0d7ccf"
FOREIGN KEY ("subject_item_id")
  REFERENCES "subject_items" ("id")

  [1m[36m (7.5ms)[0m  [1mALTER TABLE "subject_item_notes" ADD CONSTRAINT "fk_rails_e00788d7e2"
FOREIGN KEY ("student_id")
  REFERENCES "students" ("id")
[0m
  [1m[35m (7.6ms)[0m  ALTER TABLE "subject_items" ADD CONSTRAINT "fk_rails_f14980cba6"
FOREIGN KEY ("teacher_id")
  REFERENCES "teachers" ("id")

  [1m[36m (7.3ms)[0m  [1mALTER TABLE "subject_items" ADD CONSTRAINT "fk_rails_c0133ef62c"
FOREIGN KEY ("student_id")
  REFERENCES "students" ("id")
[0m
  [1m[35m (62.2ms)[0m  CREATE TABLE "schema_migrations" ("version" character varying NOT NULL) 
  [1m[36m (46.0ms)[0m  [1mCREATE UNIQUE INDEX  "unique_schema_migrations" ON "schema_migrations"  ("version")[0m
  [1m[35m (0.8ms)[0m  SELECT version FROM "schema_migrations"
  [1m[36m (6.5ms)[0m  [1mINSERT INTO "schema_migrations" (version) VALUES ('20150810192834')[0m


Started GET "/routes" for 127.0.0.1 at 2015-08-17 17:08:29 +0200

ActionController::RoutingError (No route matches [GET] "/routes"):
  actionpack (4.2.1) lib/action_dispatch/middleware/debug_exceptions.rb:21:in `call'
  web-console (2.1.2) lib/web_console/middleware.rb:37:in `call'
  actionpack (4.2.1) lib/action_dispatch/middleware/show_exceptions.rb:30:in `call'
  railties (4.2.1) lib/rails/rack/logger.rb:38:in `call_app'
  railties (4.2.1) lib/rails/rack/logger.rb:20:in `block in call'
  activesupport (4.2.1) lib/active_support/tagged_logging.rb:68:in `block in tagged'
  activesupport (4.2.1) lib/active_support/tagged_logging.rb:26:in `tagged'
  activesupport (4.2.1) lib/active_support/tagged_logging.rb:68:in `tagged'
  railties (4.2.1) lib/rails/rack/logger.rb:20:in `call'
  quiet_assets (1.1.0) lib/quiet_assets.rb:27:in `call_with_quiet_assets'
  request_store (1.1.0) lib/request_store/middleware.rb:8:in `call'
  actionpack (4.2.1) lib/action_dispatch/middleware/request_id.rb:21:in `call'
  rack (1.6.1) lib/rack/methodoverride.rb:22:in `call'
  rack (1.6.1) lib/rack/runtime.rb:18:in `call'
  activesupport (4.2.1) lib/active_support/cache/strategy/local_cache_middleware.rb:28:in `call'
  rack (1.6.1) lib/rack/lock.rb:17:in `call'
  actionpack (4.2.1) lib/action_dispatch/middleware/static.rb:113:in `call'
  rack (1.6.1) lib/rack/sendfile.rb:113:in `call'
  railties (4.2.1) lib/rails/engine.rb:518:in `call'
  railties (4.2.1) lib/rails/application.rb:164:in `call'
  rack (1.6.1) lib/rack/content_length.rb:15:in `call'
  puma (2.11.3) lib/puma/server.rb:507:in `handle_request'
  puma (2.11.3) lib/puma/server.rb:375:in `process_client'
  puma (2.11.3) lib/puma/server.rb:262:in `block in run'
  puma (2.11.3) lib/puma/thread_pool.rb:104:in `call'
  puma (2.11.3) lib/puma/thread_pool.rb:104:in `block in spawn_thread'


  Rendered /home/marcin/.rbenv/versions/2.2.0/lib/ruby/gems/2.2.0/gems/actionpack-4.2.1/lib/action_dispatch/middleware/templates/rescues/_trace.html.erb (1.9ms)
  Rendered /home/marcin/.rbenv/versions/2.2.0/lib/ruby/gems/2.2.0/gems/actionpack-4.2.1/lib/action_dispatch/middleware/templates/routes/_route.html.erb (2.5ms)
  Rendered /home/marcin/.rbenv/versions/2.2.0/lib/ruby/gems/2.2.0/gems/actionpack-4.2.1/lib/action_dispatch/middleware/templates/routes/_table.html.erb (3.2ms)
  Rendered /home/marcin/.rbenv/versions/2.2.0/lib/ruby/gems/2.2.0/gems/actionpack-4.2.1/lib/action_dispatch/middleware/templates/rescues/_request_and_response.html.erb (9.9ms)
  Rendered /home/marcin/.rbenv/versions/2.2.0/lib/ruby/gems/2.2.0/gems/actionpack-4.2.1/lib/action_dispatch/middleware/templates/rescues/routing_error.html.erb within rescues/layout (54.8ms)
  Rendered /home/marcin/.rbenv/versions/2.2.0/lib/ruby/gems/2.2.0/gems/web-console-2.1.2/lib/web_console/templates/_markup.html.erb (0.3ms)
  Rendered /home/marcin/.rbenv/versions/2.2.0/lib/ruby/gems/2.2.0/gems/web-console-2.1.2/lib/web_console/templates/style.css.erb within layouts/inlined_string (0.2ms)
  Rendered /home/marcin/.rbenv/versions/2.2.0/lib/ruby/gems/2.2.0/gems/web-console-2.1.2/lib/web_console/templates/_inner_console_markup.html.erb within layouts/inlined_string (0.3ms)
  Rendered /home/marcin/.rbenv/versions/2.2.0/lib/ruby/gems/2.2.0/gems/web-console-2.1.2/lib/web_console/templates/_prompt_box_markup.html.erb within layouts/inlined_string (0.3ms)
  Rendered /home/marcin/.rbenv/versions/2.2.0/lib/ruby/gems/2.2.0/gems/web-console-2.1.2/lib/web_console/templates/console.js.erb within layouts/javascript (16.7ms)
  Rendered /home/marcin/.rbenv/versions/2.2.0/lib/ruby/gems/2.2.0/gems/web-console-2.1.2/lib/web_console/templates/main.js.erb within layouts/javascript (0.2ms)
  Rendered /home/marcin/.rbenv/versions/2.2.0/lib/ruby/gems/2.2.0/gems/web-console-2.1.2/lib/web_console/templates/error_page.js.erb within layouts/javascript (0.3ms)
  Rendered /home/marcin/.rbenv/versions/2.2.0/lib/ruby/gems/2.2.0/gems/web-console-2.1.2/lib/web_console/templates/index.html.erb (33.6ms)


Started GET "/routes" for 127.0.0.1 at 2015-08-17 17:09:46 +0200

ActionController::RoutingError (No route matches [GET] "/routes"):
  actionpack (4.2.1) lib/action_dispatch/middleware/debug_exceptions.rb:21:in `call'
  web-console (2.1.2) lib/web_console/middleware.rb:37:in `call'
  actionpack (4.2.1) lib/action_dispatch/middleware/show_exceptions.rb:30:in `call'
  railties (4.2.1) lib/rails/rack/logger.rb:38:in `call_app'
  railties (4.2.1) lib/rails/rack/logger.rb:20:in `block in call'
  activesupport (4.2.1) lib/active_support/tagged_logging.rb:68:in `block in tagged'
  activesupport (4.2.1) lib/active_support/tagged_logging.rb:26:in `tagged'
  activesupport (4.2.1) lib/active_support/tagged_logging.rb:68:in `tagged'
  railties (4.2.1) lib/rails/rack/logger.rb:20:in `call'
  quiet_assets (1.1.0) lib/quiet_assets.rb:27:in `call_with_quiet_assets'
  request_store (1.1.0) lib/request_store/middleware.rb:8:in `call'
  actionpack (4.2.1) lib/action_dispatch/middleware/request_id.rb:21:in `call'
  rack (1.6.1) lib/rack/methodoverride.rb:22:in `call'
  rack (1.6.1) lib/rack/runtime.rb:18:in `call'
  activesupport (4.2.1) lib/active_support/cache/strategy/local_cache_middleware.rb:28:in `call'
  rack (1.6.1) lib/rack/lock.rb:17:in `call'
  actionpack (4.2.1) lib/action_dispatch/middleware/static.rb:113:in `call'
  rack (1.6.1) lib/rack/sendfile.rb:113:in `call'
  railties (4.2.1) lib/rails/engine.rb:518:in `call'
  railties (4.2.1) lib/rails/application.rb:164:in `call'
  rack (1.6.1) lib/rack/content_length.rb:15:in `call'
  puma (2.11.3) lib/puma/server.rb:507:in `handle_request'
  puma (2.11.3) lib/puma/server.rb:375:in `process_client'
  puma (2.11.3) lib/puma/server.rb:262:in `block in run'
  puma (2.11.3) lib/puma/thread_pool.rb:104:in `call'
  puma (2.11.3) lib/puma/thread_pool.rb:104:in `block in spawn_thread'


  Rendered /home/marcin/.rbenv/versions/2.2.0/lib/ruby/gems/2.2.0/gems/actionpack-4.2.1/lib/action_dispatch/middleware/templates/rescues/_trace.html.erb (1.1ms)
  Rendered /home/marcin/.rbenv/versions/2.2.0/lib/ruby/gems/2.2.0/gems/actionpack-4.2.1/lib/action_dispatch/middleware/templates/routes/_route.html.erb (2.1ms)
  Rendered /home/marcin/.rbenv/versions/2.2.0/lib/ruby/gems/2.2.0/gems/actionpack-4.2.1/lib/action_dispatch/middleware/templates/routes/_table.html.erb (1.0ms)
  Rendered /home/marcin/.rbenv/versions/2.2.0/lib/ruby/gems/2.2.0/gems/actionpack-4.2.1/lib/action_dispatch/middleware/templates/rescues/_request_and_response.html.erb (0.9ms)
  Rendered /home/marcin/.rbenv/versions/2.2.0/lib/ruby/gems/2.2.0/gems/actionpack-4.2.1/lib/action_dispatch/middleware/templates/rescues/routing_error.html.erb within rescues/layout (36.1ms)
  Rendered /home/marcin/.rbenv/versions/2.2.0/lib/ruby/gems/2.2.0/gems/web-console-2.1.2/lib/web_console/templates/_markup.html.erb (0.3ms)
  Rendered /home/marcin/.rbenv/versions/2.2.0/lib/ruby/gems/2.2.0/gems/web-console-2.1.2/lib/web_console/templates/style.css.erb within layouts/inlined_string (0.2ms)
  Rendered /home/marcin/.rbenv/versions/2.2.0/lib/ruby/gems/2.2.0/gems/web-console-2.1.2/lib/web_console/templates/_inner_console_markup.html.erb within layouts/inlined_string (0.2ms)
  Rendered /home/marcin/.rbenv/versions/2.2.0/lib/ruby/gems/2.2.0/gems/web-console-2.1.2/lib/web_console/templates/_prompt_box_markup.html.erb within layouts/inlined_string (0.2ms)
  Rendered /home/marcin/.rbenv/versions/2.2.0/lib/ruby/gems/2.2.0/gems/web-console-2.1.2/lib/web_console/templates/console.js.erb within layouts/javascript (14.3ms)
  Rendered /home/marcin/.rbenv/versions/2.2.0/lib/ruby/gems/2.2.0/gems/web-console-2.1.2/lib/web_console/templates/main.js.erb within layouts/javascript (0.4ms)
  Rendered /home/marcin/.rbenv/versions/2.2.0/lib/ruby/gems/2.2.0/gems/web-console-2.1.2/lib/web_console/templates/error_page.js.erb within layouts/javascript (0.4ms)
  Rendered /home/marcin/.rbenv/versions/2.2.0/lib/ruby/gems/2.2.0/gems/web-console-2.1.2/lib/web_console/templates/index.html.erb (29.8ms)


Started GET "/routes" for 127.0.0.1 at 2015-08-17 17:10:53 +0200

ActionController::RoutingError (No route matches [GET] "/routes"):
  actionpack (4.2.1) lib/action_dispatch/middleware/debug_exceptions.rb:21:in `call'
  web-console (2.1.2) lib/web_console/middleware.rb:37:in `call'
  actionpack (4.2.1) lib/action_dispatch/middleware/show_exceptions.rb:30:in `call'
  railties (4.2.1) lib/rails/rack/logger.rb:38:in `call_app'
  railties (4.2.1) lib/rails/rack/logger.rb:20:in `block in call'
  activesupport (4.2.1) lib/active_support/tagged_logging.rb:68:in `block in tagged'
  activesupport (4.2.1) lib/active_support/tagged_logging.rb:26:in `tagged'
  activesupport (4.2.1) lib/active_support/tagged_logging.rb:68:in `tagged'
  railties (4.2.1) lib/rails/rack/logger.rb:20:in `call'
  quiet_assets (1.1.0) lib/quiet_assets.rb:27:in `call_with_quiet_assets'
  request_store (1.1.0) lib/request_store/middleware.rb:8:in `call'
  actionpack (4.2.1) lib/action_dispatch/middleware/request_id.rb:21:in `call'
  rack (1.6.1) lib/rack/methodoverride.rb:22:in `call'
  rack (1.6.1) lib/rack/runtime.rb:18:in `call'
  activesupport (4.2.1) lib/active_support/cache/strategy/local_cache_middleware.rb:28:in `call'
  rack (1.6.1) lib/rack/lock.rb:17:in `call'
  actionpack (4.2.1) lib/action_dispatch/middleware/static.rb:113:in `call'
  rack (1.6.1) lib/rack/sendfile.rb:113:in `call'
  railties (4.2.1) lib/rails/engine.rb:518:in `call'
  railties (4.2.1) lib/rails/application.rb:164:in `call'
  rack (1.6.1) lib/rack/content_length.rb:15:in `call'
  puma (2.11.3) lib/puma/server.rb:507:in `handle_request'
  puma (2.11.3) lib/puma/server.rb:375:in `process_client'
  puma (2.11.3) lib/puma/server.rb:262:in `block in run'
  puma (2.11.3) lib/puma/thread_pool.rb:104:in `call'
  puma (2.11.3) lib/puma/thread_pool.rb:104:in `block in spawn_thread'


  Rendered /home/marcin/.rbenv/versions/2.2.0/lib/ruby/gems/2.2.0/gems/actionpack-4.2.1/lib/action_dispatch/middleware/templates/rescues/_trace.html.erb (1.3ms)
  Rendered /home/marcin/.rbenv/versions/2.2.0/lib/ruby/gems/2.2.0/gems/actionpack-4.2.1/lib/action_dispatch/middleware/templates/routes/_route.html.erb (2.1ms)
  Rendered /home/marcin/.rbenv/versions/2.2.0/lib/ruby/gems/2.2.0/gems/actionpack-4.2.1/lib/action_dispatch/middleware/templates/routes/_table.html.erb (1.0ms)
  Rendered /home/marcin/.rbenv/versions/2.2.0/lib/ruby/gems/2.2.0/gems/actionpack-4.2.1/lib/action_dispatch/middleware/templates/rescues/_request_and_response.html.erb (1.0ms)
  Rendered /home/marcin/.rbenv/versions/2.2.0/lib/ruby/gems/2.2.0/gems/actionpack-4.2.1/lib/action_dispatch/middleware/templates/rescues/routing_error.html.erb within rescues/layout (35.0ms)
  Rendered /home/marcin/.rbenv/versions/2.2.0/lib/ruby/gems/2.2.0/gems/web-console-2.1.2/lib/web_console/templates/_markup.html.erb (0.4ms)
  Rendered /home/marcin/.rbenv/versions/2.2.0/lib/ruby/gems/2.2.0/gems/web-console-2.1.2/lib/web_console/templates/style.css.erb within layouts/inlined_string (0.2ms)
  Rendered /home/marcin/.rbenv/versions/2.2.0/lib/ruby/gems/2.2.0/gems/web-console-2.1.2/lib/web_console/templates/_inner_console_markup.html.erb within layouts/inlined_string (0.2ms)
  Rendered /home/marcin/.rbenv/versions/2.2.0/lib/ruby/gems/2.2.0/gems/web-console-2.1.2/lib/web_console/templates/_prompt_box_markup.html.erb within layouts/inlined_string (0.2ms)
  Rendered /home/marcin/.rbenv/versions/2.2.0/lib/ruby/gems/2.2.0/gems/web-console-2.1.2/lib/web_console/templates/console.js.erb within layouts/javascript (13.8ms)
  Rendered /home/marcin/.rbenv/versions/2.2.0/lib/ruby/gems/2.2.0/gems/web-console-2.1.2/lib/web_console/templates/main.js.erb within layouts/javascript (0.2ms)
  Rendered /home/marcin/.rbenv/versions/2.2.0/lib/ruby/gems/2.2.0/gems/web-console-2.1.2/lib/web_console/templates/error_page.js.erb within layouts/javascript (0.3ms)
  Rendered /home/marcin/.rbenv/versions/2.2.0/lib/ruby/gems/2.2.0/gems/web-console-2.1.2/lib/web_console/templates/index.html.erb (28.8ms)


Started GET "/routes" for 127.0.0.1 at 2015-08-17 17:12:52 +0200

ActionController::RoutingError (No route matches [GET] "/routes"):
  actionpack (4.2.1) lib/action_dispatch/middleware/debug_exceptions.rb:21:in `call'
  web-console (2.1.2) lib/web_console/middleware.rb:37:in `call'
  actionpack (4.2.1) lib/action_dispatch/middleware/show_exceptions.rb:30:in `call'
  railties (4.2.1) lib/rails/rack/logger.rb:38:in `call_app'
  railties (4.2.1) lib/rails/rack/logger.rb:20:in `block in call'
  activesupport (4.2.1) lib/active_support/tagged_logging.rb:68:in `block in tagged'
  activesupport (4.2.1) lib/active_support/tagged_logging.rb:26:in `tagged'
  activesupport (4.2.1) lib/active_support/tagged_logging.rb:68:in `tagged'
  railties (4.2.1) lib/rails/rack/logger.rb:20:in `call'
  quiet_assets (1.1.0) lib/quiet_assets.rb:27:in `call_with_quiet_assets'
  request_store (1.1.0) lib/request_store/middleware.rb:8:in `call'
  actionpack (4.2.1) lib/action_dispatch/middleware/request_id.rb:21:in `call'
  rack (1.6.1) lib/rack/methodoverride.rb:22:in `call'
  rack (1.6.1) lib/rack/runtime.rb:18:in `call'
  activesupport (4.2.1) lib/active_support/cache/strategy/local_cache_middleware.rb:28:in `call'
  rack (1.6.1) lib/rack/lock.rb:17:in `call'
  actionpack (4.2.1) lib/action_dispatch/middleware/static.rb:113:in `call'
  rack (1.6.1) lib/rack/sendfile.rb:113:in `call'
  railties (4.2.1) lib/rails/engine.rb:518:in `call'
  railties (4.2.1) lib/rails/application.rb:164:in `call'
  rack (1.6.1) lib/rack/content_length.rb:15:in `call'
  puma (2.11.3) lib/puma/server.rb:507:in `handle_request'
  puma (2.11.3) lib/puma/server.rb:375:in `process_client'
  puma (2.11.3) lib/puma/server.rb:262:in `block in run'
  puma (2.11.3) lib/puma/thread_pool.rb:104:in `call'
  puma (2.11.3) lib/puma/thread_pool.rb:104:in `block in spawn_thread'


  Rendered /home/marcin/.rbenv/versions/2.2.0/lib/ruby/gems/2.2.0/gems/actionpack-4.2.1/lib/action_dispatch/middleware/templates/rescues/_trace.html.erb (1.7ms)
  Rendered /home/marcin/.rbenv/versions/2.2.0/lib/ruby/gems/2.2.0/gems/actionpack-4.2.1/lib/action_dispatch/middleware/templates/routes/_route.html.erb (2.2ms)
  Rendered /home/marcin/.rbenv/versions/2.2.0/lib/ruby/gems/2.2.0/gems/actionpack-4.2.1/lib/action_dispatch/middleware/templates/routes/_table.html.erb (1.2ms)
  Rendered /home/marcin/.rbenv/versions/2.2.0/lib/ruby/gems/2.2.0/gems/actionpack-4.2.1/lib/action_dispatch/middleware/templates/rescues/_request_and_response.html.erb (0.9ms)
  Rendered /home/marcin/.rbenv/versions/2.2.0/lib/ruby/gems/2.2.0/gems/actionpack-4.2.1/lib/action_dispatch/middleware/templates/rescues/routing_error.html.erb within rescues/layout (35.7ms)
  Rendered /home/marcin/.rbenv/versions/2.2.0/lib/ruby/gems/2.2.0/gems/web-console-2.1.2/lib/web_console/templates/_markup.html.erb (0.3ms)
  Rendered /home/marcin/.rbenv/versions/2.2.0/lib/ruby/gems/2.2.0/gems/web-console-2.1.2/lib/web_console/templates/style.css.erb within layouts/inlined_string (0.2ms)
  Rendered /home/marcin/.rbenv/versions/2.2.0/lib/ruby/gems/2.2.0/gems/web-console-2.1.2/lib/web_console/templates/_inner_console_markup.html.erb within layouts/inlined_string (0.3ms)
  Rendered /home/marcin/.rbenv/versions/2.2.0/lib/ruby/gems/2.2.0/gems/web-console-2.1.2/lib/web_console/templates/_prompt_box_markup.html.erb within layouts/inlined_string (0.2ms)
  Rendered /home/marcin/.rbenv/versions/2.2.0/lib/ruby/gems/2.2.0/gems/web-console-2.1.2/lib/web_console/templates/console.js.erb within layouts/javascript (15.6ms)
  Rendered /home/marcin/.rbenv/versions/2.2.0/lib/ruby/gems/2.2.0/gems/web-console-2.1.2/lib/web_console/templates/main.js.erb within layouts/javascript (0.2ms)
  Rendered /home/marcin/.rbenv/versions/2.2.0/lib/ruby/gems/2.2.0/gems/web-console-2.1.2/lib/web_console/templates/error_page.js.erb within layouts/javascript (0.3ms)
  Rendered /home/marcin/.rbenv/versions/2.2.0/lib/ruby/gems/2.2.0/gems/web-console-2.1.2/lib/web_console/templates/index.html.erb (31.6ms)
